[2016-11-16T15:12:16Z] Program starts
[2016-11-16T15:14:39Z] Program starts
[2016-11-16T15:14:41Z] {"text": "We're #hiring! Click to apply: RN - OR CIRCULATOR JCLMC - https://t.co/uXhNrLepMl #Job #Nursing #Phoenix, AZ #Jobs https://t.co/4lWDlvMeo2", "geo": [-112.0708775, 33.5694587], "user": "HonorHealthJobs", "time": "2016-11-16T20:14:39Z"}
[2016-11-16T15:14:41Z] {"text": "This #job might be a great fit for you: Prestige Beauty Advisor - https://t.co/vOn8G8BPFY #Retail #BeautyAddicts… https://t.co/CQMOxll4N1", "geo": [-76.2328967, 43.0468878], "user": "ultabeautyjobs", "time": "2016-11-16T20:14:39Z"}
[2016-11-16T15:14:42Z] {"text": "Can you recommend anyone for this #job? Promotions &amp; Customer Service Representative - Grand Opening -… https://t.co/iK29eZRAiN", "geo": [-79.9185706, 43.2589222], "user": "JobWindow_Jobs", "time": "2016-11-16T20:14:40Z"}
[2016-11-16T15:14:48Z] {"text": "We're #hiring! Click to apply: To Go - https://t.co/om7VHwy3zE #Job #Restaurant #Searcy, AR #Jobs #CareerArc", "geo": [-91.6838686, 35.2498228], "user": "tmj_ar_hrta", "time": "2016-11-16T20:14:47Z"}
[2016-11-16T15:14:48Z] {"text": "See our latest #Columbus, OH #job and click to apply: Marketing Promotions Specialist - https://t.co/ivuQOBvHP4 #Marketing #Hiring", "geo": [-82.9178838, 40.0415191], "user": "tmj_chh_adv", "time": "2016-11-16T20:14:47Z"}
[2016-11-16T15:14:48Z] {"text": "Interested in a #job in #Charlotte, NC? This could be a great fit: https://t.co/f1a9Jn1Ae1 #IT #Veterans #Hiring #CareerArc", "geo": [-80.8431267, 35.2270869], "user": "tmj_clt_it", "time": "2016-11-16T20:14:47Z"}
[2016-11-16T15:14:49Z] {"text": "Want to work in #Enumclaw, WA? View our latest opening: https://t.co/b15bjRJBt1 #Job #Healthcare #Jobs #Hiring #CareerArc", "geo": [-121.9915003, 47.2042681], "user": "tmj_WAT_health", "time": "2016-11-16T20:14:47Z"}
[2016-11-16T15:14:49Z] {"text": "This #job might be a great fit for you: Sales Associate - Retail Jewelry - https://t.co/0SGGjV5gDG #Sales #Langhorne, PA #Hiring", "geo": [-74.9226665, 40.1745538], "user": "tmj_phl_sales", "time": "2016-11-16T20:14:47Z"}
[2016-11-16T15:14:49Z] {"text": "See our latest #AppleValley, CA #job and click to apply: Store Counter Sales - https://t.co/ZIvXE4mjkD #Sales #Hiring #CareerArc", "geo": [-117.2228932, 34.5270659], "user": "tmj_ca_sales", "time": "2016-11-16T20:14:47Z"}
[2016-11-16T15:14:49Z] {"text": "Want to work in #Alpharetta, GA? View our latest opening: https://t.co/sx5wZF7UTm #Job #Sales #Jobs #Hiring #CareerArc", "geo": [-84.2940899, 34.0753762], "user": "tmj_atl_sales", "time": "2016-11-16T20:14:48Z"}
[2016-11-16T15:14:49Z] {"text": "Interested in a #job in #Phoenix, AZ? This could be a great fit: https://t.co/zEsLefPFn4 #Hospitality #Hiring #CareerArc", "geo": [-111.9863667, 33.4944532], "user": "tmj_AZS_HRTA", "time": "2016-11-16T20:14:48Z"}
[2016-11-16T15:14:50Z] {"text": "Can you recommend anyone for this #job? CT Technologist - PRN - https://t.co/dLlL5r9UFQ #Healthcare #Columbia, MD #Hiring #CareerArc", "geo": [-76.8610462, 39.2037144], "user": "tmj_bal_health", "time": "2016-11-16T20:14:48Z"}
[2016-11-16T15:14:50Z] {"text": "We're #hiring! Click to apply: Pharmacy Technician - https://t.co/rRN722UmxZ #Job #Healthcare #HighlandPark, MI #Jobs #CareerArc", "geo": [-83.096868, 42.4055925], "user": "tmj_dtw_health", "time": "2016-11-16T20:14:48Z"}
[2016-11-16T15:14:50Z] {"text": "Can you recommend anyone for this #job? Bilingual Cantonese Retail Sales Consultant - https://t.co/I3nuUZgcBA #Retail #Woodland, CA", "geo": [-121.7732971, 38.6785157], "user": "tmj_sac_retail", "time": "2016-11-16T20:14:48Z"}
[2016-11-16T15:14:50Z] {"text": "This #job might be a great fit for you: ICU - https://t.co/iFLsGCbFqT #Nursing #Cortez, CO #Hiring #CareerArc", "geo": [-108.5859265, 37.3488827], "user": "tmj_co_nursing", "time": "2016-11-16T20:14:48Z"}
[2016-11-16T15:14:50Z] {"text": "We're #hiring! Read about our latest #job opening here: Seasonal Temporary Store Associate - Sperry - https://t.co/sDa8GxMiak #Retail", "geo": [-121.9529992, 37.3539663], "user": "SperryCareers", "time": "2016-11-16T20:14:48Z"}
[2016-11-16T15:14:50Z] {"text": "Join the Raising Cane's team! See our latest #job opening here: https://t.co/xXO8FUw0Q9 #BusinessMgmt #Shreveport, LA #Hiring #CareerArc", "geo": [-93.7959224, 32.411403], "user": "tmj_la_mgmt", "time": "2016-11-16T20:14:49Z"}
[2016-11-16T15:14:51Z] {"text": "Can you recommend anyone for this #job in #NewHaven, CT? https://t.co/BgLhrDIKSx #Healthcare #Hiring", "geo": [-72.9268626, 41.3052226], "user": "YNHHJobs", "time": "2016-11-16T20:14:49Z"}
[2016-11-16T15:14:51Z] {"text": "Want to work at SONIC Drive-In? We're #hiring in #Swainsboro, GA! Click for details: https://t.co/B0ebIJ7kCW #Job #SONIC #Hospitality", "geo": [-82.3218604, 32.5852102], "user": "tmj_GAD_HRTA", "time": "2016-11-16T20:14:49Z"}
[2016-11-16T15:14:51Z] {"text": "We're #hiring! Click to apply: Teller I- Full Time - https://t.co/SZVhldYZBG #Job #CustomerService #portland, ME #Jobs #CareerArc", "geo": [-70.2767162, 43.6666401], "user": "tmj_mep_cstsrv", "time": "2016-11-16T20:14:49Z"}
[2016-11-16T15:14:53Z] {"text": "Join the IAI team! See our latest #job opening here: https://t.co/zKtcK0BXZd #IT #Chantilly, VA #Hiring https://t.co/1313MNnTtK", "geo": [-77.4660909, 38.8778053], "user": "IAI_Jobs", "time": "2016-11-16T20:14:52Z"}
[2016-11-16T15:14:54Z] {"text": "Want to work in #CostaMesa, CA? View our latest opening: https://t.co/2NwkQEuMKl #Job #Retail #Jobs #Hiring https://t.co/QMqNJR0Faz", "geo": [-117.9186689, 33.6411316], "user": "JobsAtNordstrom", "time": "2016-11-16T20:14:52Z"}
[2016-11-16T15:14:54Z] {"text": "Join the AHS team! See our latest #job opening here: https://t.co/CqiJ0yBuw9 #BusinessMgmt #Edmonton, AB #Hiring https://t.co/hM8wN9etqT", "geo": [-113.5071923, 53.5399368], "user": "AHS_Jobs", "time": "2016-11-16T20:14:53Z"}
[2016-11-16T15:14:57Z] {"text": "I'm at Trump Plaza in West Palm Beach, FL https://t.co/KE9j1GNTpu", "geo": [-80.05164385, 26.70843005], "user": "itsMe_Raquel_", "time": "2016-11-16T20:14:55Z"}
[2016-11-16T15:14:59Z] {"text": "Can you recommend anyone for this #job? Salon Manager - 02185 - HC CLARK AND DIVERSEY - https://t.co/iRYe5odovT #Chicago, IL #Hiring", "geo": [-87.6297982, 41.8781136], "user": "tmj_chi_jobs", "time": "2016-11-16T20:14:58Z"}
[2016-11-16T15:14:59Z] {"text": "We're #hiring! Read about our latest #job opening here: Hair Stylist - https://t.co/lfLBJ8Mc4q #Cosmetology #Alpharetta, GA #CareerArc", "geo": [-84.2069194, 34.0935723], "user": "tmj_atl_cosmo", "time": "2016-11-16T20:14:58Z"}
[2016-11-16T15:14:59Z] {"text": "Can you recommend anyone for this #job in #Irving, TX? https://t.co/5Zg4MVgFDp #Healthcare #Hiring #CareerArc", "geo": [-96.9488945, 32.8140177], "user": "tmj_dfw_health", "time": "2016-11-16T20:14:58Z"}
[2016-11-16T15:15:00Z] {"text": "Interested in a #job in #Burien, WA? This could be a great fit: https://t.co/iIi0Y5WlJS #Healthcare #Hiring #CareerArc", "geo": [-122.3467918, 47.4703767], "user": "tmj_sea_health", "time": "2016-11-16T20:14:58Z"}
[2016-11-16T15:15:00Z] {"text": "Can you recommend anyone for this #job? Salon Manager - https://t.co/Av3fWEEDhU #Cosmetology #SKOKIE, IL #Hiring #CareerArc", "geo": [-87.7649662, 42.0107293], "user": "tmj_chi_cosmo", "time": "2016-11-16T20:14:58Z"}
[2016-11-16T15:15:00Z] {"text": "We're #hiring! Read about our latest #job opening here: Assistant Assembler in City of Industry, CA at Arthrex - https://t.co/F0YxeWCNWK", "geo": [-117.9586754, 34.0197335], "user": "Arthrex", "time": "2016-11-16T20:14:58Z"}
[2016-11-16T15:15:00Z] {"text": "Interested in a #job in #HuntingtonStation, NY? This could be a great fit: https://t.co/ChwN5V4PF4 #DVM #Veterinarian #Hiring #CareerArc", "geo": [-73.409951, 40.8171076], "user": "tmj_NAS_physici", "time": "2016-11-16T20:14:58Z"}
[2016-11-16T15:15:00Z] {"text": "Interested in a #job in #Irvine, CA? This could be a great fit: https://t.co/btK8LdKYL2 #Engineering #Hiring #CareerArc", "geo": [-117.8370041, 33.6387024], "user": "tmj_cao_eng", "time": "2016-11-16T20:14:58Z"}
[2016-11-16T15:15:00Z] {"text": "We're #hiring! Read about our latest #job opening here: Anesthesia Technician, Non-Certified - https://t.co/7iOQgzfUTM #Portland, OR", "geo": [-122.6757228, 45.5220648], "user": "Proviscalling", "time": "2016-11-16T20:14:58Z"}
[2016-11-16T15:15:00Z] {"text": "This #job might be a great fit for you: MED TECHNOLOGIST (Laboratory) - Full Time - 7a-3p (2510001817) - https://t.co/XnIJhRfaUh #Hiring", "geo": [-85.3096801, 35.0456297], "user": "tmj_TNC_health", "time": "2016-11-16T20:14:58Z"}
[2016-11-16T15:15:01Z] {"text": "See our latest #SanAntonio, TX #job and click to apply: Vehicle Maintenance Mechanic - https://t.co/XtZG5cHjpx #Automotive #Hiring", "geo": [-98.4936282, 29.4241219], "user": "tmj_TX_auto", "time": "2016-11-16T20:14:58Z"}
[2016-11-16T15:15:03Z] {"text": "We're #hiring! Click to apply: Registered Nurse - PRN - Nights &amp; Weekends - https://t.co/mDnDlvHpoC #Job #Nursing… https://t.co/8uAdWrQiv5", "geo": [-76.7074571, 37.2707022], "user": "Hospice_Careers", "time": "2016-11-16T20:15:01Z"}
[2016-11-16T15:15:04Z] {"text": "Join the Hair Cuttery Salon team! See our latest #job opening here: https://t.co/rw61w1lFYX #Arlington, MA #Hiring https://t.co/CAmqYrzgKz", "geo": [-71.1564729, 42.4153925], "user": "haircutteryjob", "time": "2016-11-16T20:15:02Z"}
[2016-11-16T15:15:10Z] {"text": "See our latest #Elyria, OH #job and click to apply: Retail Sales Consultant - https://t.co/JPwNV8swNr #Retail #Hiring #CareerArc", "geo": [-82.1076486, 41.3683798], "user": "tmj_cle_retail", "time": "2016-11-16T20:15:08Z"}
[2016-11-16T15:15:10Z] {"text": "This #job might be a great fit for you: Server - https://t.co/wXgIDNsNUs #Restaurant #Walpole, MA #Hiring #CareerArc", "geo": [-71.2040694, 42.1546766], "user": "tmj_bos_hrta", "time": "2016-11-16T20:15:08Z"}
[2016-11-16T15:15:10Z] {"text": "Want to work in #Worthington, MN? View our latest opening: https://t.co/Em9ykbhWyr #Job #Cosmetology #Jobs #Hiring #CareerArc", "geo": [-95.5992901, 43.6362937], "user": "tmj_usa_cosmo", "time": "2016-11-16T20:15:08Z"}
[2016-11-16T15:15:10Z] {"text": "Can you recommend anyone for this #job? Appeals/Denials Coordinator - https://t.co/7o9ShfYvYy #Healthcare #Doral, FL #Hiring #CareerArc", "geo": [-80.3553302, 25.8195424], "user": "tmj_mia_health", "time": "2016-11-16T20:15:08Z"}
[2016-11-16T15:15:10Z] {"text": "Want to work at OfficeTeam? We're #hiring in #MendotaHeights, MN! Click for details: https://t.co/ssfqb63DIB #Job #OfficeTeam #Clerical", "geo": [-93.1478514, 44.8727363], "user": "OfficeTeamJobs", "time": "2016-11-16T20:15:08Z"}
[2016-11-16T15:15:10Z] {"text": "Can you recommend anyone for this #job? Care Giver - https://t.co/dDbrodbxZQ #Nursing #Carlsbad, CA #Hiring #CareerArc", "geo": [-117.3505939, 33.1580933], "user": "tmj_LAJ_NURSING", "time": "2016-11-16T20:15:08Z"}
[2016-11-16T15:15:10Z] {"text": "Interested in a #job in #WestMonroe, LA? This could be a great fit: https://t.co/RbyQnhQH43 #Nursing #Hiring #CareerArc", "geo": [-92.156097, 32.5124179], "user": "tmj_LAM_NURSING", "time": "2016-11-16T20:15:08Z"}
[2016-11-16T15:15:11Z] {"text": "Want to work in #PiscatawayTownship, NJ? View our latest opening: https://t.co/Xx6fmM8dbb #Job #Clerical #Jobs #Hiring #CareerArc", "geo": [-74.4642861, 40.554887], "user": "tmj_nwk_cler", "time": "2016-11-16T20:15:08Z"}
[2016-11-16T15:15:11Z] {"text": "See our latest #Bloomfield, CT #job and click to apply: Delivery Driver - https://t.co/M2lgn5cocA #Transportation #Hiring #CareerArc", "geo": [-72.6952362, 41.8201896], "user": "tmj_har_transp", "time": "2016-11-16T20:15:09Z"}
[2016-11-16T15:15:11Z] {"text": "Can you recommend anyone for this #job in #Lumberton, NC? https://t.co/FAaWaIi2vi #Nursing #Hiring #CareerArc", "geo": [-79.0086424, 34.6182199], "user": "tmj_fay_nursing", "time": "2016-11-16T20:15:09Z"}
[2016-11-16T15:15:13Z] {"text": "We're #hiring! Read about our latest #job opening here: Leave of Absence Coordinator - https://t.co/z4NVyaOdhc #IT… https://t.co/dcV3gqVm6r", "geo": [-85.969951, 31.8087678], "user": "CGI_Jobs", "time": "2016-11-16T20:15:11Z"}
[2016-11-16T15:15:14Z] {"text": "Interested in a #job in #Madison, WI? This could be a great fit: https://t.co/jdA1zcoXYA #Finance #Hiring https://t.co/tqO6BnVTTr", "geo": [-89.4012302, 43.0730517], "user": "FiservCareers", "time": "2016-11-16T20:15:12Z"}
[2016-11-16T15:15:25Z] Program starts
[2016-11-16T15:15:32Z] {"text": "Can you recommend anyone for this #job? Barista (US) - https://t.co/AFSWhibSWR #Hospitality #Veterans #Hiring #CareerArc", "geo": [-83.763423, 31.1907267], "user": "tmj_ga_hrta", "time": "2016-11-16T20:15:30Z"}
[2016-11-16T15:15:32Z] {"text": "See our latest #Irving, TX #job and click to apply: Beauty Advisor Seasonal - https://t.co/hwLTO3hdpr #Cosmetology #Hiring #CareerArc", "geo": [-96.9587943, 32.9125309], "user": "tmj_dfw_cosmo", "time": "2016-11-16T20:15:30Z"}
[2016-11-16T15:15:32Z] {"text": "If you're looking for work in #Boston, MA, check out this #job: https://t.co/dEVRCUWjbq #Banking #Hiring #CareerArc", "geo": [-71.0588801, 42.3600825], "user": "tmj_bos_banking", "time": "2016-11-16T20:15:30Z"}
[2016-11-16T15:15:32Z] {"text": "See our latest #Shelby, OH #job and click to apply: Store Counter Sales - https://t.co/cumjlSORpi #Sales #Hiring #CareerArc", "geo": [-82.6427413, 40.8673587], "user": "tmj_oh_sales", "time": "2016-11-16T20:15:30Z"}
[2016-11-16T15:15:33Z] {"text": "Join the Raising Cane's team! See our latest #job opening here: https://t.co/wnbVdc7lpm #Hospitality #OklahomaCity, OK #Hiring #CareerArc", "geo": [-97.5409718, 35.4778286], "user": "tmj_okc_hrta", "time": "2016-11-16T20:15:31Z"}
[2016-11-16T15:15:33Z] {"text": "Want to work in #BatonRouge, LA? View our latest opening: https://t.co/iFw42E1Us7 #Job #Physician #Jobs #Hiring", "geo": [-91.1531046, 30.4491379], "user": "BRGeneral_Jobs", "time": "2016-11-16T20:15:31Z"}
[2016-11-16T15:15:33Z] {"text": "See our latest #FortWorth, TX #job and click to apply: Seasonal Associate - https://t.co/rUj2oPhla3 #Hiring #CareerArc", "geo": [-97.3307658, 32.7554883], "user": "tmj_dfw_jobs", "time": "2016-11-16T20:15:31Z"}
[2016-11-16T15:15:33Z] {"text": "This #job might be a great fit for you: EVS Tech, Environmental Svcs, Jewish Medical Center Southwest, Days,... - https://t.co/u2EGPJb8nC", "geo": [-85.7584557, 38.2526647], "user": "tmj_KY_facmgmt", "time": "2016-11-16T20:15:31Z"}
[2016-11-16T15:15:33Z] {"text": "If you're looking for work in #Norfolk, Virginia, check out this #job: https://t.co/SI9T8BVarA #co-op #gatech #GSU #Marketing #Hiring", "geo": [-76.2858726, 36.8507689], "user": "CareersAtNS", "time": "2016-11-16T20:15:31Z"}
[2016-11-16T15:15:33Z] {"text": "Can you recommend anyone for this #job? Analista de Seguridad - https://t.co/OXTFUrGpVF #Linares #Hiring #CareerArc", "geo": [-99.5617847, 24.8639494], "user": "tmj_mex_jobs", "time": "2016-11-16T20:15:31Z"}
[2016-11-16T15:15:34Z] {"text": "This #job might be a great fit for you: Plumbing Purchasing Agent - https://t.co/u7LF11Z2ez #Purchasing #PaloAlto, CA #Hiring #CareerArc", "geo": [-122.1430195, 37.4418834], "user": "tmj_SFO_purch", "time": "2016-11-16T20:15:31Z"}
[2016-11-16T15:15:34Z] {"text": "Interested in a #job in #StLouis, MO? This could be a great fit: https://t.co/BAEGs5Whan #Manufacturing #Hiring #CareerArc", "geo": [-90.2291565, 38.6160491], "user": "tmj_stl_manuf", "time": "2016-11-16T20:15:31Z"}
[2016-11-16T15:15:34Z] {"text": "Can you recommend anyone for this #job? Registered Nurse - https://t.co/mVVdftx2N4 #rn #healthcare #nursing #rngrads #Kalispell, MT", "geo": [-114.3168131, 48.1919889], "user": "KRHCareers", "time": "2016-11-16T20:15:31Z"}
[2016-11-16T15:15:36Z] {"text": "This #job might be a great fit for you: Certified nursing assistant CNA memory FT - https://t.co/bZfgpHaMer… https://t.co/iacfyYoBje", "geo": [-94.7335709, 38.9536174], "user": "Sunrise_Careers", "time": "2016-11-16T20:15:34Z"}
[2016-11-16T15:15:43Z] {"text": "Interested in a #job in #Charlotte, NC? This could be a great fit: https://t.co/T0huePwnTF #Hospitality #Hiring #CareerArc", "geo": [-80.8431267, 35.2270869], "user": "tmj_clt_hrta", "time": "2016-11-16T20:15:41Z"}
[2016-11-16T15:15:43Z] {"text": "We're #hiring! Click to apply: CLINICAL OUTCOMES IMPROVEMENT SPECIALIST - https://t.co/l0nVC51oBF #Job #Nursing #FortMyers, FL #Jobs", "geo": [-81.8723084, 26.640628], "user": "LeeHealthJobs", "time": "2016-11-16T20:15:41Z"}
[2016-11-16T15:15:43Z] {"text": "Interested in a #job in #SEATAC, WA? This could be a great fit: https://t.co/bTIq2fJIX0 #warehouse #Supplychain #Hiring #CareerArc", "geo": [-122.2960726, 47.4435903], "user": "tmj_SEA_schn", "time": "2016-11-16T20:15:42Z"}
[2016-11-16T15:15:43Z] {"text": "See our latest #CrescentCity, CA #job and click to apply: RN Case Manager (Crescent City, CA) (Per Diem) - https://t.co/N4T8wwUl8q #Nursing", "geo": [-124.2025913, 41.7557501], "user": "SutterJobs", "time": "2016-11-16T20:15:42Z"}
[2016-11-16T15:15:43Z] {"text": "This #job might be a great fit for you: Store Manager Candidate in Delta PA - https://t.co/aHTuARbrEU #Retail #Delta, PA #Hiring", "geo": [-76.3266255, 39.727049], "user": "tmj_bal_retail", "time": "2016-11-16T20:15:42Z"}
[2016-11-16T15:15:44Z] {"text": "Can you recommend anyone for this #job in #Roseville, MN? https://t.co/ZgBP8zt4qa #Retail #Hiring", "geo": [-93.1566107, 45.0060767], "user": "WHBMCareers", "time": "2016-11-16T20:15:42Z"}
[2016-11-16T15:15:44Z] {"text": "Can you recommend anyone for this #job in #SanAntonio, TX? https://t.co/7SLPNmovQo #Hospitality #Hiring #CareerArc", "geo": [-98.5226706, 29.46357], "user": "tmj_sat_hrta", "time": "2016-11-16T20:15:42Z"}
[2016-11-16T15:15:44Z] {"text": "This #job might be a great fit for you: Facilities Manager - https://t.co/3flsLiNpRb #Hospitality #Austin, TX #Hiring #CareerArc", "geo": [-97.7473572, 30.2228447], "user": "tmj_aus_hrta", "time": "2016-11-16T20:15:42Z"}
[2016-11-16T15:15:44Z] {"text": "Interested in a #job in #Johnstown, NY? This could be a great fit: https://t.co/1djy9jxxD7 #Transportation #Hiring #CareerArc", "geo": [-74.361552, 43.01545], "user": "tmj_nya_transp", "time": "2016-11-16T20:15:42Z"}
[2016-11-16T15:15:44Z] {"text": "We're #hiring! Click to apply: Fork Lift Position - https://t.co/HWRDQhyDvo #Job #Transportation #Billings, MT #Jobs #CareerArc", "geo": [-108.5908853, 45.7888857], "user": "tmj_MT_transp", "time": "2016-11-16T20:15:42Z"}
[2016-11-16T15:15:44Z] {"text": "Join the Robert Half Finance &amp; Accounting team! See our latest #job opening here: https://t.co/OsmeJ9dcYD #RHFAJobs #Knoxville, TN", "geo": [-84.0061661, 35.9073934], "user": "RHFAJobs", "time": "2016-11-16T20:15:42Z"}
[2016-11-16T15:15:45Z] {"text": "We're #hiring! Click to apply: Produce Buyer - https://t.co/qxuzI0fkYi #Job #buyer #Marketing #SanAntonio, TX #Jobs https://t.co/A0tQ6kmWHB", "geo": [-98.4936282, 29.4241219], "user": "LabattFoodJobs", "time": "2016-11-16T20:15:44Z"}
[2016-11-16T15:15:46Z] {"text": "See our latest #PhenixCity, AL #job and click to apply: Financial Representative - https://t.co/jNw6yfj2c0… https://t.co/tqLnW7pO6d", "geo": [-85.0007653, 32.4709761], "user": "countryrecruits", "time": "2016-11-16T20:15:44Z"}
[2016-11-16T15:15:46Z] {"text": "Can you recommend anyone for this #job? Registered Nurse - Rehab - Full time - DHMC - https://t.co/ES5UO5CUJP… https://t.co/7GtazoKw1N", "geo": [-111.9957262, 41.0909507], "user": "IASISCareers", "time": "2016-11-16T20:15:44Z"}
[2016-11-16T15:15:47Z] {"text": "Can you recommend anyone for this #job? Restaurant Co-worker (Franchise) - https://t.co/RKGtlaiJDu #Franchise… https://t.co/8V0xLXqeU8", "geo": [-94.72715, 31.29662], "user": "GoldenCorralJob", "time": "2016-11-16T20:15:45Z"}
[2016-11-16T15:15:47Z] {"text": "This #job might be a great fit for you: Installation Technician - https://t.co/SO38tqbZi0 #SkilledTrade #Columbia,… https://t.co/Z5lwhFB6NF", "geo": [-87.0352831, 35.6150716], "user": "attCAREERS", "time": "2016-11-16T20:15:45Z"}
[2016-11-16T15:15:53Z] {"text": "If you're looking for work in #Houston, TX, check out this #job: https://t.co/60XGYGwINg #IT #Hiring #CareerArc", "geo": [-95.3683008, 29.7584166], "user": "tmj_HOU_adm", "time": "2016-11-16T20:15:52Z"}
[2016-11-16T15:15:53Z] {"text": "Want to work at Hair Cuttery Salon? We're #hiring in #EASTON, MD! Click for details: https://t.co/Z30WwMX42j #Job #Jobs #CareerArc", "geo": [-76.0763305, 38.7742826], "user": "tmj_bal_jobs", "time": "2016-11-16T20:15:52Z"}
[2016-11-16T15:15:53Z] {"text": "Can you recommend anyone for this #job? ER - https://t.co/ShG4r3vI1P #Nursing #SanJose, CA #Hiring #CareerArc", "geo": [-121.8863286, 37.3382082], "user": "tmj_sjc_nursing", "time": "2016-11-16T20:15:52Z"}
[2016-11-16T15:15:54Z] {"text": "See our latest #Canandaigua, NY #job and click to apply: LPN OFFICE NURSE - https://t.co/nWp2tTbI7C #LPN #Hiring #CareerArc", "geo": [-77.2816984, 42.887535], "user": "tmj_roc_nursing", "time": "2016-11-16T20:15:52Z"}
[2016-11-16T15:15:54Z] {"text": "Join the Travel Nurse Across America team! See our latest #job opening here: https://t.co/k1RJdhZvQ3 #Nursing #LosAngeles, CA #Hiring", "geo": [-118.2436849, 34.0522342], "user": "tmj_lax_nursing", "time": "2016-11-16T20:15:52Z"}
[2016-11-16T15:15:54Z] {"text": "If you're looking for work in #Carmel, IN, check out this #job: https://t.co/uuaY9XaQhR #parttime #Hospitality #Veterans #Hiring #CareerArc", "geo": [-86.127214, 39.959288], "user": "tmj_ind_hrta", "time": "2016-11-16T20:15:53Z"}
[2016-11-16T15:15:54Z] {"text": "Want to work at Denny's? We're #hiring in #SanDiego, CA! Click for details: https://t.co/glajyhO7DU #Job #Restaurant #Jobs #CareerArc", "geo": [-117.1610838, 32.715738], "user": "tmj_san_hrta", "time": "2016-11-16T20:15:53Z"}
[2016-11-16T15:15:54Z] {"text": "If you're looking for work in #Calabasas, CA, check out this #job: https://t.co/VlzETfl9iE #Manufacturing #Veterans #Hiring #CareerArc", "geo": [-118.754782, 34.1129907], "user": "tmj_lax_manuf", "time": "2016-11-16T20:15:53Z"}
[2016-11-16T15:15:55Z] {"text": "This #job might be a great fit for you: Info Services Mgr - https://t.co/SbiGdkf9cH #BusinessMgmt #Richmond, VA 23219 #Hiring #CareerArc", "geo": [-77.4371393, 37.5399325], "user": "tmj_usa_mgmt", "time": "2016-11-16T20:15:53Z"}
[2016-11-16T15:15:55Z] {"text": "Can you recommend anyone for this #job? Salon Manager - https://t.co/DzrccKn09E #Cosmetology #StCloud, MN #Hiring #CareerArc", "geo": [-94.2069385, 45.5516899], "user": "tmj_mns_cosmo", "time": "2016-11-16T20:15:53Z"}
[2016-11-16T15:15:55Z] {"text": "Interested in a #job in #MountLaurel, NJ? This could be a great fit: https://t.co/PVeh27m5eI #Healthcare #Hiring #CareerArc", "geo": [-74.8909988, 39.934002], "user": "tmj_phl_health", "time": "2016-11-16T20:15:53Z"}
[2016-11-16T15:15:55Z] {"text": "If you're looking for work in #Leawood, KS, check out this #job: https://t.co/p9me93I5A5 #Hospitality #Veterans #Hiring #CareerArc", "geo": [-94.6169012, 38.966673], "user": "tmj_kan_hrta", "time": "2016-11-16T20:15:54Z"}
[2016-11-16T15:15:56Z] {"text": "Interested in a #job in #Brawley, CA? This could be a great fit: https://t.co/NABwmNifPB #Nursing #Hiring #CareerArc", "geo": [-115.530267, 32.9786566], "user": "tmj_CA_NURSING", "time": "2016-11-16T20:15:54Z"}
[2016-11-16T15:15:56Z] {"text": "Join the Helzberg Diamonds team! See our latest #job opening here: https://t.co/idyQC0RIA5 #Sales #Clearwater, FL #Hiring #CareerArc", "geo": [-82.8001026, 27.9658533], "user": "tmj_tpa_sales", "time": "2016-11-16T20:15:54Z"}
[2016-11-16T15:15:56Z] {"text": "We're #hiring! Click to apply: Sales Associate - Retail Jewelry - https://t.co/RTb6GYFAR2 #Job #Sales #Ontario, CA #Jobs #CareerArc", "geo": [-117.6508876, 34.0633443], "user": "tmj_cao_sales", "time": "2016-11-16T20:15:54Z"}
[2016-11-16T15:15:56Z] {"text": "See our latest #Bloomington, IN #job and click to apply: Store Manager - https://t.co/Cpnxb51NKz #Retail #Hiring #CareerArc", "geo": [-86.5263857, 39.165325], "user": "tmj_ind_retail", "time": "2016-11-16T20:15:54Z"}
[2016-11-16T15:15:56Z] {"text": "We're #hiring! Read about our latest #job opening here: TELLER - https://t.co/B3wWZHfuXn #Banking #Cinnaminson, NJ #Veterans #CareerArc", "geo": [-74.9927693, 39.9969646], "user": "tmj_phl_banking", "time": "2016-11-16T20:15:55Z"}
[2016-11-16T15:15:57Z] {"text": "Want to work in #Sumter, SC? View our latest opening: https://t.co/T0c3ifN68h #Job #CustomerService #Jobs #Hiring #CareerArc", "geo": [-80.3848579, 33.9587073], "user": "tmj_cae_cstsrv", "time": "2016-11-16T20:15:55Z"}
[2016-11-16T15:15:58Z] {"text": "Can you recommend anyone for this #job in #OklahomaCity, OK? https://t.co/yXcskJ0YQv #Nursing #Hiring https://t.co/u1jnafY6kk", "geo": [-97.5164276, 35.4675602], "user": "MercyJobs", "time": "2016-11-16T20:15:56Z"}
[2016-11-16T15:16:05Z] {"text": "See our latest #Plano, TX #job and click to apply: Training Advisor (Field Training Specialist) - https://t.co/gNM2bkvVFY #Hospitality", "geo": [-96.8218315, 33.0690773], "user": "tmj_dfw_hrta", "time": "2016-11-16T20:16:03Z"}
[2016-11-16T15:16:05Z] {"text": "See our latest #Daphne, AL #job and click to apply: Teller - Prime Time - Malbis - https://t.co/1Z43JT1xgR #regions #regionsbank #Banking", "geo": [-87.9036047, 30.6035255], "user": "tmj_mob_banking", "time": "2016-11-16T20:16:03Z"}
[2016-11-16T15:16:05Z] {"text": "Want to work in #Houston, TX? View our latest opening: https://t.co/48DyDmgy1x #Job #BusinessMgmt #Jobs #Hiring #CareerArc", "geo": [-95.3707246, 29.7587831], "user": "tmj_hou_mgmt", "time": "2016-11-16T20:16:03Z"}
[2016-11-16T15:16:05Z] {"text": "Can you recommend anyone for this #job in #Peoria, IL? https://t.co/Pnpymy7gAR #Transportation #Hiring #CareerArc", "geo": [-89.6022608, 40.7900519], "user": "tmj_IL_transp", "time": "2016-11-16T20:16:04Z"}
[2016-11-16T15:16:05Z] {"text": "If you're looking for work in #Emporia, KS, check out this #job: https://t.co/hLRSN6I6oq #Retail #Hiring #CareerArc", "geo": [-96.1816626, 38.403903], "user": "tmj_ks_retail", "time": "2016-11-16T20:16:04Z"}
[2016-11-16T15:16:06Z] {"text": "Can you recommend anyone for this #job in #FortMeade, MD? https://t.co/UAc3ciufxE #IT #Veterans #Hiring #CareerArc", "geo": [-76.7267773, 39.1137602], "user": "tmj_bal_it", "time": "2016-11-16T20:16:04Z"}
[2016-11-16T15:16:07Z] {"text": "Want to work in #Houston, TX? View our latest opening: https://t.co/48DyDmgy1x #Job #BusinessMgmt #Jobs #Hiring #CareerArc", "geo": [-95.3707246, 29.7587831], "user": "tmj_hou_mgmt", "time": "2016-11-16T20:16:03Z"}
[2016-11-16T15:16:08Z] {"text": "This #job might be a great fit for you: Nurse Practitioner - Springfield - https://t.co/nJBR0MRVBK #Healthcare… https://t.co/4UWhvnNM11", "geo": [-75.3201878, 39.9306677], "user": "CVSHealthJobs", "time": "2016-11-16T20:16:07Z"}
[2016-11-16T15:16:15Z] {"text": "Interested in a #job in #SaintPetersburg, FL? This could be a great fit: https://t.co/pqSkyYyBpO #Healthcare #Hiring #CareerArc", "geo": [-82.6267345, 27.7518284], "user": "tmj_tpa_health", "time": "2016-11-16T20:16:13Z"}
[2016-11-16T15:16:15Z] {"text": "Interested in a #job in #Danville, VA? This could be a great fit: https://t.co/hoXEPadViS #Nursing #Hiring #CareerArc", "geo": [-79.3950228, 36.5859718], "user": "tmj_nct_nursing", "time": "2016-11-16T20:16:14Z"}
[2016-11-16T15:16:17Z] {"text": "Can you recommend anyone for this #job? Sr. Technical Lead Software Engineering - https://t.co/eJffA9IZ8D #IT #Bangalore #Hiring", "geo": [77.5945627, 12.9715987], "user": "SonusnetJobs", "time": "2016-11-16T20:16:15Z"}
[2016-11-16T15:16:17Z] {"text": "See our latest #Phoenix, AZ #job and click to apply: Sales Representative-General Market - https://t.co/I6XaDlfL4U #Hiring #CareerArc", "geo": [-112.0740373, 33.4483771], "user": "tmj_phx_jobs", "time": "2016-11-16T20:16:15Z"}
[2016-11-16T15:16:17Z] {"text": "We're #hiring! Read about our latest #job opening here: Shift Manager - https://t.co/qauUJESWkY #Hospitality #Philadelphia, PA #CareerArc", "geo": [-75.1652215, 39.9525839], "user": "tmj_phl_hrta", "time": "2016-11-16T20:16:15Z"}
[2016-11-16T15:16:17Z] {"text": "Can you recommend anyone for this #job in ? https://t.co/JYYqMFo6cu #Hospitality #Veterans #Hiring #CareerArc", "geo": [-122.5247163, 37.9027749], "user": "tmj_sfo_hrta", "time": "2016-11-16T20:16:15Z"}
[2016-11-16T15:16:17Z] {"text": "Join the Genzyme team! See our latest #job opening here: https://t.co/FiVJ5bTxPB #Marketing #Cambridge, Massachusetts #Hiring #CareerArc", "geo": [-71.1097335, 42.3736158], "user": "tmj_bos_adv", "time": "2016-11-16T20:16:15Z"}
[2016-11-16T15:16:17Z] {"text": "Join the BJ's Restaurants, Inc. team! See our latest #job opening here: https://t.co/rx28whfTiK #Restaurant #Columbus, OH #Hiring", "geo": [-82.9097351, 40.0559336], "user": "WorkAtBJs", "time": "2016-11-16T20:16:15Z"}
[2016-11-16T15:16:17Z] {"text": "Can you recommend anyone for this #job? Director of Sales - https://t.co/1xyv4ppcdh #Sales #NewYork, NY #Hiring #CareerArc", "geo": [-74.0059413, 40.7127837], "user": "tmj_nyc_sales", "time": "2016-11-16T20:16:15Z"}
[2016-11-16T15:16:18Z] {"text": "Can you recommend anyone for this #job in #Bruce, MS? https://t.co/CGeDDSoCdq #SONIC #Hospitality #Hiring #CareerArc", "geo": [-89.4140903, 34.025304], "user": "tmj_ms_hrta", "time": "2016-11-16T20:16:15Z"}
[2016-11-16T15:16:18Z] {"text": "We're #hiring! Read about our latest #job opening here: CSA Front End - https://t.co/Rc0g1437Se #Retail #PortOrange, FL #CareerArc", "geo": [-81.0282243, 29.1118665], "user": "tmj_FLD_retail", "time": "2016-11-16T20:16:15Z"}
[2016-11-16T15:16:18Z] {"text": "We're #hiring! Read about our latest #job opening here: Research Assistant II - https://t.co/8MhjhIQmHF #GeneralScience #Boston, MA", "geo": [-71.0588801, 42.3600825], "user": "tmj_BOS_gensci", "time": "2016-11-16T20:16:15Z"}
[2016-11-16T15:16:18Z] {"text": "We're #hiring! Read about our latest #job opening here: Support Associate - https://t.co/23bff2zrTW #Retail #Scottsdale, AZ #CareerArc", "geo": [-111.9263943, 33.6240175], "user": "tmj_AZS_retail", "time": "2016-11-16T20:16:15Z"}
[2016-11-16T15:16:18Z] {"text": "This #job might be a great fit for you: Crew - https://t.co/kqACPbmn4h #Hospitality #SilverSpring, MD #Hiring #CareerArc", "geo": [-77.026088, 38.9906657], "user": "tmj_dc_hrta", "time": "2016-11-16T20:16:15Z"}
[2016-11-16T15:16:19Z] {"text": "This #job might be a great fit for you: Host / Hostess - https://t.co/hgDBjkV7Cf #Restaurant #FloridaCity, FL #Hiring #CareerArc", "geo": [-80.4792237, 25.4478898], "user": "tmj_mia_hrta", "time": "2016-11-16T20:16:16Z"}
[2016-11-16T15:16:20Z] {"text": "Want to work at Maurices? We're #hiring in #Hays, KS! Click for details: https://t.co/fEqRI9bqv6 #Job… https://t.co/40hQYMb979", "geo": [-99.3267702, 38.8791783], "user": "mauricescareers", "time": "2016-11-16T20:16:18Z"}
[2016-11-16T15:16:20Z] {"text": "We're #hiring! Click to apply: Server - https://t.co/kxTNSFLPF1 #Job #casualdining #IHOP #Hospitality #Katy, TX… https://t.co/NVQbELQ8fu", "geo": [-95.7960354, 29.7843939], "user": "IHOP_ACGTexas", "time": "2016-11-16T20:16:18Z"}
[2016-11-16T15:16:21Z] {"text": "See our latest #Tacoma, WA #job and click to apply: Corporate Counsel - Commercial Law - https://t.co/k5YcywLxBK… https://t.co/pUQeTgbm54", "geo": [-122.4442906, 47.2528768], "user": "TBStaffing", "time": "2016-11-16T20:16:20Z"}
[2016-11-16T15:16:26Z] {"text": "If you're looking for work in #Huntington, WV, check out this #job: https://t.co/SjK5uuRPz4 #Nursing #Veterans #Hiring #CareerArc", "geo": [-82.445154, 38.4192496], "user": "tmj_wvc_nursing", "time": "2016-11-16T20:16:24Z"}
[2016-11-16T15:16:26Z] {"text": "Want to work at Cognizant? We're #hiring in #Jacksonville, FL! Click for details: https://t.co/5z8gtDcgKH #Job #IT #Jobs #CareerArc", "geo": [-81.655651, 30.3321838], "user": "tmj_jax_it", "time": "2016-11-16T20:16:25Z"}
[2016-11-16T15:16:27Z] {"text": "Want to work in #Pasadena, CA? View our latest opening: https://t.co/kLWVMyyXAZ #Job #Restaurant #Jobs #Hiring #CareerArc", "geo": [-118.1445155, 34.1477849], "user": "tmj_lax_hrta", "time": "2016-11-16T20:16:25Z"}
[2016-11-16T15:16:27Z] {"text": "This #job might be a great fit for you: Patient Escort - https://t.co/iLou2r6bhB #Healthcare #Columbus, OH #Hiring #CareerArc", "geo": [-83.0323287, 40.0313335], "user": "tmj_chh_health", "time": "2016-11-16T20:16:25Z"}
[2016-11-16T15:16:27Z] {"text": "See our latest #Orlando, FL #job and click to apply: Commercial Account Manager, Orlando FL - https://t.co/WQSIOP7iE5 #Sales #Hiring", "geo": [-81.3792365, 28.5383355], "user": "tmj_orl_sales", "time": "2016-11-16T20:16:25Z"}
[2016-11-16T15:16:27Z] {"text": "Join the Macy's Retail team! See our latest #job opening here: https://t.co/yBhF6sVj28 #Retail #SantaClara, CA #Hiring #CareerArc", "geo": [-121.9483679, 37.3241803], "user": "tmj_sjc_retail", "time": "2016-11-16T20:16:25Z"}
[2016-11-16T15:16:27Z] {"text": "Want to work at Grand Traverse Resort and Spa? We're #hiring in #Acme, MI! Click for details: https://t.co/jeAlwZk6CN #Job #Resort #Jobs", "geo": [-85.505604, 44.7640643], "user": "tmj_mi_hrta", "time": "2016-11-16T20:16:26Z"}
[2016-11-16T15:16:28Z] {"text": "Want to work in #JerseyCity, NJ? View our latest opening: https://t.co/cf24BuJEKv #Job #Retail #Jobs #Hiring #CareerArc", "geo": [-74.0711359, 40.7329808], "user": "tmj_nyc_retail", "time": "2016-11-16T20:16:26Z"}
[2016-11-16T15:16:28Z] {"text": "Want to work in #Tamarac, FL? View our latest opening: https://t.co/gTGGYXTWt7 #Job #Clerical #Jobs #Hiring #CareerArc", "geo": [-80.2497707, 26.2128609], "user": "tmj_mia_cler", "time": "2016-11-16T20:16:26Z"}
[2016-11-16T15:16:28Z] {"text": "Want to work in #EdenPrairie, MN? View our latest opening: https://t.co/SIgF7UtTz1 #Job #Manufacturing #Jobs #Hiring #CareerArc", "geo": [-93.4296446, 44.9019949], "user": "tmj_msp_manuf", "time": "2016-11-16T20:16:26Z"}
[2016-11-16T15:16:28Z] {"text": "Can you recommend anyone for this #job? RN Medical Surgical Full Time Nights - https://t.co/BgmH9phi10 #Nursing #FederalWay, WA #Hiring", "geo": [-122.3126222, 47.3223221], "user": "tmj_WAT_NURSING", "time": "2016-11-16T20:16:26Z"}
[2016-11-16T15:16:28Z] {"text": "See our latest #FortPierce, FL #job and click to apply: ER - Extension(ICU &amp; ER exp) - https://t.co/BNyZoUJ5hs #Nursing #Hiring #CareerArc", "geo": [-80.3256056, 27.4467056], "user": "tmj_fl_nursing", "time": "2016-11-16T20:16:26Z"}
[2016-11-16T15:16:28Z] {"text": "We're #hiring! Read about our latest #job opening here: Bilingual Store Counter Sales - https://t.co/rkUugGAgd7 #Sales #Vacaville, CA", "geo": [-121.9684673, 38.3349814], "user": "tmj_sac_sales", "time": "2016-11-16T20:16:26Z"}
[2016-11-16T15:16:29Z] {"text": "We're #hiring! Click to apply: district manager trainee-retail sales - https://t.co/quGGnW248w #Job #BusinessMgmt #Proctorville, OH #Jobs", "geo": [-82.3770959, 38.4370282], "user": "tmj_wvc_mgmt", "time": "2016-11-16T20:16:26Z"}
[2016-11-16T15:16:29Z] {"text": "Can you recommend anyone for this #job? Physician (Psychiatrist) - https://t.co/yAd0h9xHoq #Physician #OklahomaCity… https://t.co/Bm7uJOHrNm", "geo": [-97.5164276, 35.4675602], "user": "JobsatVA", "time": "2016-11-16T20:16:27Z"}
[2016-11-16T15:16:30Z] {"text": "Can you recommend anyone for this #job? Driver, Formula PFG - https://t.co/PKIXhYwvIJ #Transportation #Temple, TX… https://t.co/Hhm2OqTqiE", "geo": [-97.342782, 31.0982344], "user": "PFGCareers", "time": "2016-11-16T20:16:28Z"}
[2016-11-16T15:16:36Z] {"text": "This #job might be a great fit for you: Information Security Analyst (Cyber Security) - https://t.co/G8Rny8V8Uk #FinTech #Florida, 379", "geo": [-97.290092, 35.5630503], "user": "GDKN", "time": "2016-11-16T20:16:35Z"}
[2016-11-16T15:16:37Z] {"text": "We're #hiring! Click to apply: Nursing Supervisor - Weekends or Nights - https://t.co/jvLdewMqvl #Job #Nursing #Wareham, MA #Jobs", "geo": [-70.7197342, 41.7614511], "user": "Kindred_Jobs", "time": "2016-11-16T20:16:35Z"}
[2016-11-16T15:16:37Z] {"text": "We're #hiring! Read about our latest #job opening here: Clinical Lab Scientist - Full Time - Kindred Denver - https://t.co/cMbfpLB2GI", "geo": [-104.990251, 39.7392358], "user": "tmj_den_health", "time": "2016-11-16T20:16:35Z"}
[2016-11-16T15:16:37Z] {"text": "If you're looking for work in #Wausau, WI, check out this #job: https://t.co/PN0io0oLLe #Retail #Hiring #CareerArc", "geo": [-89.6301221, 44.9591352], "user": "tmj_wi_retail", "time": "2016-11-16T20:16:36Z"}
[2016-11-16T15:16:37Z] {"text": "We're #hiring! Click to apply: Registered Nurse RN Travel Nurse - https://t.co/8G6rGeLdDV #Job #TravelRN #TravelNurse #Erie, PA #Jobs", "geo": [-80.0939978, 42.1188322], "user": "tmj_pa_health", "time": "2016-11-16T20:16:36Z"}
[2016-11-16T15:16:38Z] {"text": "If you're looking for work in #Irving, TX, check out this #job: https://t.co/484V0rarwm #Healthcare #Hiring #CareerArc", "geo": [-96.9488945, 32.8140177], "user": "tmj_dfw_health", "time": "2016-11-16T20:16:36Z"}
[2016-11-16T15:16:38Z] {"text": "Can you recommend anyone for this #job in #ValleyStream, NY? https://t.co/AX5PlHHFbE #Sales #Hiring #CareerArc", "geo": [-73.7084645, 40.6642699], "user": "tmj_NAS_sales", "time": "2016-11-16T20:16:37Z"}
[2016-11-16T15:16:39Z] {"text": "This #job might be a great fit for you: Patient Care Technician - Progressive Care Unit - https://t.co/KbSMPjwgOr #Nurse #RN #Anchorage, AK", "geo": [-149.8902415, 61.191144], "user": "Proviscalling", "time": "2016-11-16T20:16:37Z"}
[2016-11-16T15:16:40Z] {"text": "If you're looking for work in #Norton, VA, check out this #job: https://t.co/cZDkwUkqDs #Cosmetology #Hiring #CareerArc", "geo": [-82.6046065, 36.9580294], "user": "tmj_usa_cosmo", "time": "2016-11-16T20:16:38Z"}
[2016-11-16T15:16:40Z] {"text": "Can you recommend anyone for this #job? BSA/AML Investigator - https://t.co/JNzZ5lYPu4 #regions #regionsbank #Actuarial #Richmond, VA", "geo": [-77.4360481, 37.5407246], "user": "tmj_rch_acct", "time": "2016-11-16T20:16:38Z"}
[2016-11-16T15:16:40Z] {"text": "This #job might be a great fit for you: Dishwasher / Service Assistant - https://t.co/zKQPXv9uEH #Restaurant #Bloomington, IL #Hiring", "geo": [-88.9936873, 40.4842027], "user": "tmj_il_hrta", "time": "2016-11-16T20:16:38Z"}
[2016-11-16T15:16:41Z] {"text": "If you're looking for work in #Columbia, MD, check out this #job: https://t.co/0aO0jdNbWV #Nursing #Hiring #CareerArc", "geo": [-76.8610462, 39.2037144], "user": "tmj_bal_nursing", "time": "2016-11-16T20:16:38Z"}
[2016-11-16T15:16:41Z] {"text": "Can you recommend anyone for this #job? Assistant Store Manager - https://t.co/0tIepTIpAF #Retail #Woodbury, MN #Hiring #CareerArc", "geo": [-92.9475662, 44.915423], "user": "tmj_msp_retail", "time": "2016-11-16T20:16:38Z"}
[2016-11-16T15:16:41Z] {"text": "See our latest #Winnipeg, MB #job and click to apply: Freight Broker Agent - https://t.co/AxvuLEoqOk #Transportation #Hiring #CareerArc", "geo": [-97.1374937, 49.8997541], "user": "tmj_mb_jobs", "time": "2016-11-16T20:16:38Z"}
[2016-11-16T15:16:41Z] {"text": "Want to work at Wells Fargo? We're #hiring in #Melbourne, FL! Click for details: https://t.co/g6me9xmtwK #Job #Banking #Veterans #Jobs", "geo": [-80.6081089, 28.0836269], "user": "tmj_FL_banking", "time": "2016-11-16T20:16:39Z"}
[2016-11-16T15:16:41Z] {"text": "Want to work at Speedway? We're #hiring in #LaPorte, IN! Click for details: https://t.co/V1JvZqGJlh #Job #CustServ… https://t.co/NuvYdqkrx2", "geo": [-86.7227195, 41.611143], "user": "SpeedwayJobs", "time": "2016-11-16T20:16:38Z"}
[2016-11-16T15:16:42Z] {"text": "If you're looking for work in #Seattle, WA, check out this #job: https://t.co/6uA60hfcpj #Accounting #Hiring #CareerArc", "geo": [-122.3215448, 47.6338217], "user": "tmj_sea_acct", "time": "2016-11-16T20:16:38Z"}
[2016-11-16T15:16:43Z] {"text": "See our latest #Denver, CO #job and click to apply: Psychiatric Nurse LPN I – Floater - https://t.co/X6ZufnweMS… https://t.co/D0NTeIiCFr", "geo": [-105.0265195, 39.7380371], "user": "MHCD_Careers", "time": "2016-11-16T20:16:41Z"}
[2016-11-16T15:17:23Z] Program starts
[2016-11-16T15:17:24Z] {"text": "Can you recommend anyone for this #job? Route Service Sales Representative - Uniform (4 day) - CMV -… https://t.co/VMfBAWU8QA", "geo": [-76.727745, 39.9625984], "user": "CintasCareers"}
[2016-11-16T15:17:25Z] {"text": "If you're looking for work in #Springfield, MO, check out this #job: https://t.co/cdREJVbKEg #Pharmaceutical #Hiring https://t.co/UwNYft0zxM", "geo": [-93.2922989, 37.2089572], "user": "QuintilesIMSjob"}
[2016-11-16T15:17:33Z] {"text": "Can you recommend anyone for this #job? Staff Pharmacist FT - https://t.co/aUOavonjIc #Healthcare #Montgomery, AL #Hiring #CareerArc", "geo": [-86.2999689, 32.3668052], "user": "tmj_mgm_health"}
[2016-11-16T15:17:33Z] {"text": "See our latest #MexicoCity #job and click to apply: Jefe/a de Impuestos - https://t.co/kOEhejZS2n #mining #Hiring #CareerArc", "geo": [-99.133208, 19.4326077], "user": "tmj_mexo_jobs"}
[2016-11-16T15:17:33Z] {"text": "Interested in a #job in #Oakville, ON? This could be a great fit: https://t.co/E7QXTA9IAj #Hospitality #Veterans #Hiring", "geo": [-79.6876659, 43.467517], "user": "RRCareers"}
[2016-11-16T15:17:33Z] {"text": "Want to work in #OldSaybrook, CT? View our latest opening: https://t.co/r37FbCYDml #Job #Manufacturing #Jobs #Hiring #CareerArc", "geo": [-72.3845301, 41.2960159], "user": "tmj_ctm_manuf"}
[2016-11-16T15:17:34Z] {"text": "Want to work at Follett Corporation? We're #hiring in #Denton, TX! Click for details: https://t.co/sEwuUwKeVT #Job #Retail #Jobs", "geo": [-97.1303057, 33.2105565], "user": "tmj_dfw_retail"}
[2016-11-16T15:17:34Z] {"text": "Can you recommend anyone for this #job in #NewCumberland, WV? https://t.co/RcSTN2gTvf #Transportation #Hiring", "geo": [-80.6067392, 40.4967329], "user": "LindeCareersUS"}
[2016-11-16T15:17:34Z] {"text": "Interested in a #job in #Boston, MA? This could be a great fit: https://t.co/fxgKEaKG5l #Finance #Hiring", "geo": [-71.0588801, 42.3600825], "user": "statestreetjobs"}
[2016-11-16T15:17:34Z] {"text": "If you're looking for work in #Vallejo, CA, check out this #job: https://t.co/SgzIKWxPVo #Nursing #Hiring #CareerArc", "geo": [-122.2566367, 38.1040864], "user": "tmj_sfo_nursing"}
[2016-11-16T15:17:34Z] {"text": "We're #hiring! Click to apply: General Manager - https://t.co/LIKE2QpbkS #Job #SONIC #Hospitality #Birmingham, AL #Jobs #CareerArc", "geo": [-86.823213, 33.470916], "user": "tmj_bhm_hrta"}
[2016-11-16T15:17:34Z] {"text": "Join the Forward Air Transportation Services team! See our latest #job opening here: https://t.co/vvi3BoPPik #Transportation #Beckley, WV", "geo": [-81.1881557, 37.7781702], "user": "tmj_wvc_transp"}
[2016-11-16T15:17:35Z] {"text": "If you're looking for work in #Benton, KY, check out this #job: https://t.co/T6O4Eskf97 #SONIC #Hospitality #Hiring #CareerArc", "geo": [-88.9205867, 38.0006302], "user": "tmj_ky_hrta"}
[2016-11-16T15:17:37Z] {"text": "Interested in a #job in #Dublin, CA? This could be a great fit: https://t.co/9fZ9x0Zrws #SalonLife #StylistLove… https://t.co/NdLLbwHZ2D", "geo": [-121.8839741, 37.7055863], "user": "ultabeautyjobs"}
[2016-11-16T15:17:41Z] {"text": "We're #hiring! Click to apply: Food Service Supervisor - https://t.co/zOVAoiGLYJ #Job #BusinessMgmt #Butler, PA #Jobs #CareerArc", "geo": [-79.8976379, 40.8595306], "user": "tmj_pit_mgmt"}
[2016-11-16T15:17:41Z] {"text": "Want to work in #Georgetown, KY? View our latest opening: https://t.co/vhuhekoSXA #Job #Transportation #Jobs #Hiring #CareerArc", "geo": [-84.5588311, 38.2097967], "user": "tmj_KYL_transp"}
[2016-11-16T15:17:42Z] {"text": "See our latest #Hopkinton, MA #job and click to apply: Corporate Consulting Analyst - https://t.co/QT8kS0S9C6 #delljobs #IT #Hiring", "geo": [-71.5225646, 42.2286954], "user": "tmj_bos_it"}
[2016-11-16T15:17:42Z] {"text": "Want to work in #MILWAUKEE, WI? View our latest opening: https://t.co/2TJ1s6vBD2 #Job #CustomerService #Jobs #Hiring #CareerArc", "geo": [-87.957911, 42.99713], "user": "tmj_mke_cstsrv"}
[2016-11-16T15:17:42Z] {"text": "We're #hiring! Read about our latest #job opening here: Body Technician - https://t.co/dltDl7TnMw #Technician #Automotive #Vancouver, WA", "geo": [-122.6614861, 45.6387281], "user": "ABRACareers"}
[2016-11-16T15:17:42Z] {"text": "Join the Starbucks team! See our latest #job opening here: https://t.co/6hbG9sEcEo #Hospitality #Veterans #Hiring #CareerArc", "geo": [-120.3338255, 47.4530547], "user": "tmj_wa_hrta"}
[2016-11-16T15:17:42Z] {"text": "Can you recommend anyone for this #job? Staff Nurse- CCU ( FT / Night) - https://t.co/upC1FCNQ8t #Nursing #Stockton, CA #Hiring #CareerArc", "geo": [-121.3255688, 37.9727529], "user": "tmj_sac_nursing"}
[2016-11-16T15:17:43Z] {"text": "This #job might be a great fit for you: Cost Accountant - https://t.co/BT8xclNAMe #Accounting #Welcome, NC #Hiring #CareerArc", "geo": [-80.2539346, 35.9111678], "user": "tmj_nct_acct"}
[2016-11-16T15:17:43Z] {"text": "Want to work in #SouthJordan, UT? View our latest opening: https://t.co/jn54MMYhJN #Job #Retail #Jobs #Hiring #CareerArc", "geo": [-111.929658, 40.5621704], "user": "tmj_slc_retail"}
[2016-11-16T15:17:43Z] {"text": "Join the Ryder team! See our latest #job opening here: https://t.co/k42X6oYl9v #warehouse #Supplychain #Modesto, CA #Hiring", "geo": [-120.9968782, 37.6390972], "user": "Ryderjobs"}
[2016-11-16T15:17:43Z] {"text": "If you're looking for work in 468 ANGELL STREET, #PROVIDENCE, RI, check out this #job: https://t.co/DlQChun9iB #Hospitality #Veterans", "geo": [-71.3890646, 41.8301207], "user": "tmj_rip_hrta"}
[2016-11-16T15:17:43Z] {"text": "If you're looking for work in #Everett, WA, check out this #job: https://t.co/Ewei0JlUbI #FacilitiesMgmt #Hiring #CareerArc", "geo": [-122.2334664, 47.9417388], "user": "tmj_WA_facmgmt"}
[2016-11-16T15:17:43Z] {"text": "If you're looking for work in #Freeport, ME, check out this #job: https://t.co/bPY0XjW764 #Retail #Hiring #CareerArc", "geo": [-70.1031201, 43.8570065], "user": "tmj_mep_retail"}
[2016-11-16T15:17:44Z] {"text": "See our latest #Honolulu, HI #job and click to apply: Vascular Lab Technician - Vascular Lab - https://t.co/n5FC6EPctj #Healthcare #Hiring", "geo": [-157.8583333, 21.3069444], "user": "tmj_hon_health"}
[2016-11-16T15:17:44Z] {"text": "Interested in a #job in #Manassas, VA? This could be a great fit: https://t.co/68eWDDUeoe #Hospitality #Hiring #CareerArc", "geo": [-77.4752667, 38.7509488], "user": "tmj_VAF_HRTA"}
[2016-11-16T15:17:44Z] {"text": "Can you recommend anyone for this #job? Warehouse Label Print Operator - https://t.co/gEC91CswzM #SupplyChain #Shelbyville, KY #Veterans", "geo": [-85.2235666, 38.2120144], "user": "CCSGJobs"}
[2016-11-16T15:17:44Z] {"text": "See our latest #StLouis, MO #job and click to apply: *Accounts Receivable Representative* - https://t.co/aRnw03DH9W #Accounting #Hiring", "geo": [-90.1994042, 38.6270025], "user": "tmj_stl_acct"}
[2016-11-16T15:17:44Z] {"text": "Join the SONIC Drive-In team! See our latest #job opening here: https://t.co/HrJWErQB7H #Hospitality #CedarPark, TX… https://t.co/m5pfAXNkJJ", "geo": [-97.7798835, 30.5351217], "user": "SONICjobs"}
[2016-11-16T15:17:45Z] {"text": "Can you recommend anyone for this #job? Information Security Auditor - Professional - https://t.co/0GRKOcmd1k #IT… https://t.co/M9zQCDZHTS", "geo": [77.3910265, 28.5355161], "user": "FiservCareers"}
[2016-11-16T15:17:45Z] {"text": "Can you recommend anyone for this #job in #Germantown, MD? https://t.co/nK2hjknz48 #drivers #Hospitality #Veterans… https://t.co/VVJJO4E30E", "geo": [-77.2543171, 39.2001406], "user": "PaneraCareers"}
[2016-11-16T15:17:45Z] {"text": "Want to work in #Houston, TX? View our latest opening: https://t.co/twLeNnDYrE #Job #travelnurse #Nursing #Nursing… https://t.co/7c5qrsaSdR", "geo": [-95.3698028, 29.7604267], "user": "TravelNurseWork"}
[2016-11-16T15:17:52Z] {"text": "Want to work at Kellogg? We're #hiring in #GrandRapids, MI! Click for details: https://t.co/8mdSzTuPNY #Job #Jobs #CareerArc", "geo": [-85.6680863, 42.9633599], "user": "tmj_kal_jobs"}
[2016-11-16T15:17:53Z] {"text": "See our latest #PineBluff, AR #job and click to apply: To Go - https://t.co/nDuKVWcbla #Restaurant #Hiring #CareerArc", "geo": [-92.0064773, 34.1737667], "user": "tmj_ar_hrta"}
[2016-11-16T15:17:53Z] {"text": "Can you recommend anyone for this #job in #Dublin, OH? https://t.co/pSfaoHZOrE #Sales #Hiring", "geo": [-83.1140771, 40.0992294], "user": "JoinLabSupport"}
[2016-11-16T15:17:54Z] {"text": "Can you recommend anyone for this #job? Cath Lab - https://t.co/yoJwNqYggz #Nursing #Bismarck, ND #Hiring #CareerArc", "geo": [-100.7837392, 46.8083268], "user": "tmj_nd_nursing"}
[2016-11-16T15:17:54Z] {"text": "Want to work in #Chattanooga, TN? View our latest opening: https://t.co/4OUGhHGLwG #Job #Sales #Jobs #Hiring #CareerArc", "geo": [-85.3096801, 35.0456297], "user": "tmj_TNC_sales"}
[2016-11-16T15:17:54Z] {"text": "We're #hiring! Click to apply: Barista (US) - https://t.co/IlZKNr7g8P #Job #Hospitality #Veterans #Jobs #CareerArc", "geo": [-94.8040541, 39.7693545], "user": "tmj_MOJ_HRTA"}
[2016-11-16T15:17:54Z] {"text": "Can you recommend anyone for this #job in #Bethesda, MD? https://t.co/BHY5gwZBcX #Healthcare #Hiring #CareerArc", "geo": [-77.0947092, 38.984652], "user": "tmj_dc_health"}
[2016-11-16T15:17:54Z] {"text": "If you're looking for work in #Akron, OH, check out this #job: https://t.co/AAIC1HbUoV #Aerospace #Hiring #CareerArc", "geo": [-81.5190053, 41.0814447], "user": "tmj_cle_eng"}
[2016-11-16T15:17:56Z] {"text": "We're #hiring! Read about our latest #job opening here: Houseperson - https://t.co/KBlAvTYRuZ #Hospitality #Lincoln… https://t.co/Gy6nxi91x8", "geo": [-121.3140115, 38.8403781], "user": "CareersTVCR"}
[2016-11-16T15:17:56Z] {"text": "Can you recommend anyone for this #job in #Memphis, TN? https://t.co/8zUc0SPzxy #SocialSciences #Veterans #Hiring https://t.co/YnVPBDGQWP", "geo": [-90.0489801, 35.1495343], "user": "JobsatVA"}
[2016-11-16T15:17:58Z] {"text": "If you're looking for work in #FortCollins, CO, check out this #job: https://t.co/xDbDZq30Js #Hospitality #Hiring https://t.co/wQLjI43awC", "geo": [-105.0765449, 40.5601503], "user": "CaniacCareers"}
[2016-11-16T15:18:03Z] {"text": "Can you recommend anyone for this #job? Mortgage Loan Closer III - Greenville - https://t.co/QpnVZIuUhS #Underwriting #greenville, SC", "geo": [-82.390718, 34.822919], "user": "tmj_grn_finance"}
[2016-11-16T15:18:03Z] {"text": "If you're looking for work in #STATEUNIVERSITY, AR, check out this #job: https://t.co/0Sxs9ffP0K #Retail #Hiring #CareerArc", "geo": [-90.6768986, 35.8417002], "user": "tmj_ar_retail"}
[2016-11-16T15:18:03Z] {"text": "This #job might be a great fit for you: Teller - Full Time ( Earle AR ) - https://t.co/EmM715cw1p #regions #regionsbank #Banking #Earle, AR", "geo": [-90.4667694, 35.2750871], "user": "regionsjobs"}
[2016-11-16T15:18:04Z] {"text": "See our latest #Elkhart, IN #job and click to apply: Maintenance - 85506 - https://t.co/ySwizUHIFz #FacilitiesMgmt #Hiring #CareerArc", "geo": [-85.9709394, 41.6820082], "user": "tmj_IN_facmgmt"}
[2016-11-16T15:18:04Z] {"text": "Join the Follett Corporation team! See our latest #job opening here: https://t.co/jfaSDU4U07 #Retail #SanRafael, CA #Hiring #CareerArc", "geo": [-122.503327, 37.9650627], "user": "tmj_sfo_retail"}
[2016-11-16T15:18:04Z] {"text": "This #job might be a great fit for you: Accounting - https://t.co/QonxxEyX1a #Accountemps #Sales #Boston, MA #Hiring", "geo": [-71.0482911, 42.3613114], "user": "AccountempsJobs"}
[2016-11-16T15:18:04Z] {"text": "Can you recommend anyone for this #job in #Mesquite, TX? https://t.co/eTS2j7Fhs3 #Sales #Hiring #CareerArc", "geo": [-96.6379816, 32.809232], "user": "tmj_dfw_sales"}
[2016-11-16T15:18:04Z] {"text": "Join the Tractor Supply Company team! See our latest #job opening here: https://t.co/9Hrvhi6lsr #Retail #CANTONNORTHCANTON, OH #Hiring", "geo": [-81.4498717, 40.9034426], "user": "tmj_oka_retail"}
[2016-11-16T15:18:05Z] {"text": "Interested in a #job in #VoorheesTownship, NJ? This could be a great fit: https://t.co/la9YTpaHi6 #Nursing #Hiring #CareerArc", "geo": [-74.961517, 39.8519447], "user": "tmj_phl_nursing"}
[2016-11-16T15:18:05Z] {"text": "See our latest #Mansfield, OH #job and click to apply: Quality Manager - Automotive - https://t.co/w8eG1Ob6fQ #Manufacturing #Hiring", "geo": [-82.5154471, 40.75839], "user": "tmj_oh_manuf"}
[2016-11-16T15:18:05Z] {"text": "If you're looking for work in #Toronto, ON, check out this #job: https://t.co/tTSe9Jk6Jc #Retail #Hiring #CareerArc", "geo": [-79.3995622, 43.7072763], "user": "tmj_gta_retail"}
[2016-11-16T15:18:05Z] {"text": "This #job might be a great fit for you: Web Developer - https://t.co/FshCANHcJl #IT #SaintLouisPark, MN #Hiring #CareerArc", "geo": [-93.3439291, 44.9465193], "user": "tmj_MSP_adm"}
[2016-11-16T15:18:05Z] {"text": "This #job might be a great fit for you: Assistant Store Manager - https://t.co/u4X3VNUyBn #Retail #Beachwood, OH #Hiring", "geo": [-81.5087322, 41.4644979], "user": "ChicosCareers"}
[2016-11-16T15:18:05Z] {"text": "Join the Silverado team! See our latest #job opening here: https://t.co/Ek69z7hGoO #Nursing #LakeZurich, IL #Hiring", "geo": [-88.0934108, 42.1969689], "user": "silveradojobs1"}
[2016-11-16T15:18:05Z] {"text": "Join the Boston Medical Center team! See our latest #job opening here: https://t.co/AcUAXYBrqW #Clerical #Boston, MA #Hiring #CareerArc", "geo": [-71.0588801, 42.3600825], "user": "tmj_bos_cler"}
[2016-11-16T15:18:06Z] {"text": "See our latest #Savannah, GA #job and click to apply: Shift Supervisor Trainee - https://t.co/mclUVAQ9qc #Retail #Hiring #CareerArc", "geo": [-81.0998342, 32.0835407], "user": "tmj_GAS_retail"}
[2016-11-16T15:18:06Z] {"text": "See our latest #Janesville, WI #job and click to apply: Shift Manager - https://t.co/e2uqi3aa8D #Hospitality #Hiring #CareerArc", "geo": [-89.0187222, 42.6827885], "user": "tmj_mad_hrta"}
[2016-11-16T15:18:06Z] {"text": "If you're looking for work in #Woburn, MA, check out this #job: https://t.co/zANscUxcgw #Hiring #CareerArc", "geo": [-71.1522765, 42.4792618], "user": "tmj_bos_jobs"}
[2016-11-16T15:18:09Z] {"text": "If you're looking for work in #Woburn, MA, check out this #job: https://t.co/zANscUxcgw #Hiring #CareerArc", "geo": [-71.1522765, 42.4792618], "user": "tmj_bos_jobs"}
[2016-11-16T15:18:14Z] {"text": "We're #hiring! Click to apply: Machine Operator - Bit Brazer - https://t.co/Nip9oDtl7Z #Job #Manufacturing #Conroe, TX #Jobs #CareerArc", "geo": [-95.3834854, 30.3827302], "user": "tmj_hou_manuf"}
[2016-11-16T15:18:14Z] {"text": "Want to work at Great Clips? We're #hiring in #Enola, PA! Click for details: https://t.co/lLu95Py55J #Job #Cosmetology #Jobs #CareerArc", "geo": [-76.9764385, 40.2912351], "user": "tmj_usa_cosmo"}
[2016-11-16T15:18:14Z] {"text": "Can you recommend anyone for this #job? General Manager and Restaurant Manager -IL- Decatur - https://t.co/kgMYFIhk64 #Decatur, IL", "geo": [-88.954582, 39.8980512], "user": "tmj_ILS_HRTA"}
[2016-11-16T15:18:14Z] {"text": "If you're looking for work in #LongBeach, CA, check out this #job: https://t.co/1sQYFGq4Xa #Healthcare #Hiring #CareerArc", "geo": [-118.1937395, 33.7700504], "user": "tmj_lax_health"}
[2016-11-16T15:18:14Z] {"text": "This #job might be a great fit for you: Learning Technologies Program Manager - https://t.co/hEtHVFjrF1 #BusinessMgmt #LosAngeles, CA", "geo": [-118.2436849, 34.0522342], "user": "tmj_lax_mgmt"}
[2016-11-16T15:18:56Z] Program starts
[2016-11-16T15:18:58Z] {"text": "Interested in a #job in 1251 LEXINGTON AVE, #NEWYORK, NY? This could be a great fit: https://t.co/yTyKmhHpzT #Hospitality #Veterans #Hiring", "geo": [-73.9561277, 40.7784805], "user": "tmj_nyc_hrta"}
[2016-11-16T15:18:58Z] {"text": "We're #hiring! Read about our latest #job opening here: Part-Time Kitchen Steward - https://t.co/AG3dpX3Vti #Hospitality #Aspen, CO", "geo": [-106.8175387, 39.1910983], "user": "tmj_co_hrta"}
[2016-11-16T15:18:58Z] {"text": "This #job might be a great fit for you: ICU - https://t.co/mf1V9uhuWy #Nursing #LosAngeles, CA #Hiring #CareerArc", "geo": [-118.2436849, 34.0522342], "user": "tmj_lax_nursing"}
[2016-11-16T15:18:59Z] {"text": "Want to work at The Rose Group? We're #hiring in #Aberdeen, MD! Click for details: https://t.co/OcxUzLMLax #Job #Hospitality #Veterans", "geo": [-76.1641197, 39.5095556], "user": "tmj_bal_hrta"}
[2016-11-16T15:18:59Z] {"text": "If you're looking for work in #Waldorf, MD, check out this #job: https://t.co/t3PVraogFq #Restaurant #Hiring #CareerArc", "geo": [-76.9105483, 38.6265124], "user": "tmj_VAL_HRTA"}
[2016-11-16T15:18:59Z] {"text": "Can you recommend anyone for this #job? Overnight Full Time /Part Time RN / LPN - https://t.co/0dXwwHJMXY #Nursing #NewYork, NY #Hiring", "geo": [-73.7948516, 40.7282239], "user": "tmj_nyc_nursing"}
[2016-11-16T15:18:59Z] {"text": "Can you recommend anyone for this #job? Now Hiring at Elements Massage™ in North Seattle - https://t.co/XXWxczMBtf #Seattle, WA #Hiring", "geo": [-122.3625535, 47.7020231], "user": "tmj_sea_hrta"}
[2016-11-16T15:19:00Z] {"text": "We're #hiring! Click to apply: Junior Drilling and Completion Fluids Scientist - Houston, TX - https://t.co/u6N5cp5FxD #Job #Houston, TX", "geo": [-95.3697079, 29.7854469], "user": "tmj_HOU_gensci"}
[2016-11-16T15:19:00Z] {"text": "Want to work in #NewYork, NY? View our latest opening: https://t.co/1drx8k5edq #Job #Construction #Jobs #Hiring #CareerArc", "geo": [-73.9932872, 40.7602619], "user": "tmj_nyc_constru"}
[2016-11-16T15:19:00Z] {"text": "We're #hiring! Read about our latest #job opening here: Restaurant Associate Line Cook - https://t.co/TGQFyOyVy6… https://t.co/vNQh42AOG7", "geo": [-75.2860064, 40.7161387], "user": "PaneraCareers"}
[2016-11-16T15:19:00Z] {"text": "This #job might be a great fit for you: Driver Helper - https://t.co/O0JHYEhhiP #Transportation #Smyrna, GA #Hiring #CareerArc", "geo": [-84.5064881, 33.8806897], "user": "tmj_atl_transp"}
[2016-11-16T15:19:01Z] {"text": "If you're looking for work in #Phoenix, AZ, check out this #job: https://t.co/KY3gDkPExY #Healthcare #Hiring", "geo": [-112.0863874, 33.5080943], "user": "StJosephsJobs"}
[2016-11-16T15:19:03Z] {"text": "If you're looking for work in #Pleasanton, CA, check out this #job: https://t.co/jji9mHDJbP #LEGO #Retail #Hiring https://t.co/zi00FfFFhx", "geo": [-121.9307137, 37.6928999], "user": "LEGO_Careers"}
[2016-11-16T15:19:04Z] {"text": "Can you recommend anyone for this #job in #Braintree, MA? https://t.co/R9cCAyi9kB #Nursing #Hiring https://t.co/WNmM8jnxub", "geo": [-71.0040013, 42.2079017], "user": "Sunrise_Careers"}
[2016-11-16T15:19:20Z] Program starts
[2016-11-16T15:19:21Z] {"text": "If you're looking for work in #KansasCity, KS, check out this #job: https://t.co/R0hF2ge7zk #SONIC #Hospitality #Hiring #CareerArc", "geo": [-94.7077799, 39.1427072], "user": "tmj_ksk_HRTA", "time": "2016-11-16T20:19:19Z"}
[2016-11-16T15:19:21Z] {"text": "Want to work at Accountemps? We're #hiring in #Miami, FL! Click for details: https://t.co/GFF9FzNFr4 #Job #Accountemps #Sales #Jobs", "geo": [-80.3992652, 25.6653934], "user": "AccountempsJobs", "time": "2016-11-16T20:19:20Z"}
[2016-11-16T15:19:22Z] {"text": "Interested in a #job in #NewYork, NY? This could be a great fit: https://t.co/yPXjr0jtWY #ProjectMgmt #Hiring #CareerArc", "geo": [-74.0059413, 40.7127837], "user": "tmj_nyc_itpm1", "time": "2016-11-16T20:19:20Z"}
[2016-11-16T15:19:23Z] {"text": "If you're looking for work in #Frederick, MD, check out this #job: https://t.co/RkoCJIqEST #Retail #Hiring #CareerArc", "geo": [-77.4587239, 39.3729916], "user": "tmj_VAV_retail", "time": "2016-11-16T20:19:21Z"}
[2016-11-16T15:19:23Z] {"text": "Want to work in #Mississauga, ON? View our latest opening: https://t.co/7UiAz18r9A #Job #Veterans #Jobs #Hiring #CareerArc", "geo": [-79.6441198, 43.5890452], "user": "tmj_gta_jobs", "time": "2016-11-16T20:19:21Z"}
[2016-11-16T15:19:23Z] {"text": "Interested in a #job in #Tallahassee, FL? This could be a great fit: https://t.co/6Fxu12R7SU #trucking #truckers #flatbed #Transportation", "geo": [-84.2807329, 30.4382559], "user": "DriveMelton", "time": "2016-11-16T20:19:21Z"}
[2016-11-16T15:19:23Z] {"text": "Can you recommend anyone for this #job in #Syracuse, NY? https://t.co/bvObWffSn8 #Nursing #Hiring #CareerArc", "geo": [-76.1523256, 43.045851], "user": "tmj_NYS_NURSING", "time": "2016-11-16T20:19:21Z"}
[2016-11-16T15:19:24Z] {"text": "Interested in a #job in #Merced, CA? This could be a great fit: https://t.co/6LvLQ6t40J #Nursing #Hiring #CareerArc", "geo": [-120.4829677, 37.3021632], "user": "tmj_CA_NURSING", "time": "2016-11-16T20:19:22Z"}
[2016-11-16T15:19:59Z] Program starts
[2016-11-16T15:20:02Z] {"text": "#Trump in 2016 Temp:Crab Orchard, Ky.\":65.1°F Wind:0.0mph Pressure: 29.94hpa Falling Rain Today 0.00in.  Forecast: Showery, becoming less s", "geo": [-84.51194444, 37.47472222], "user": "AppaloosaGuy", "time": "2016-11-16T20:20:01Z"}
[2016-11-16T15:20:04Z] {"text": "Can you recommend anyone for this #job in #BerkeleySprings, WV? https://t.co/JYP4cIpOqH #Retail #Hiring #CareerArc", "geo": [-78.2271957, 39.6269902], "user": "tmj_VAW_retail", "time": "2016-11-16T20:20:03Z"}
[2016-11-16T15:20:04Z] {"text": "Interested in a #job in ? This could be a great fit: https://t.co/MuspwQmqPc #Hospitality #Veterans #Hiring #CareerArc", "geo": [-120.3656555, 50.652984], "user": "tmj_bc_jobs", "time": "2016-11-16T20:20:03Z"}
[2016-11-16T15:20:05Z] {"text": "Can you recommend anyone for this #job in #Greenville, TX? https://t.co/GTDNqrm32K #Engineering #Hiring #CareerArc", "geo": [-96.1108066, 33.1384488], "user": "tmj_tx_eng", "time": "2016-11-16T20:20:03Z"}
[2016-11-16T15:20:05Z] {"text": "We're #hiring! Read about our latest #job opening here: Plant Production Scheduler - https://t.co/w7ZaDknzRZ #SanJose, CA #CareerArc", "geo": [-121.8863286, 37.3382082], "user": "tmj_sjc_jobs", "time": "2016-11-16T20:20:03Z"}
[2016-11-16T15:20:05Z] {"text": "Interested in a #job in #Honolulu, HI? This could be a great fit: https://t.co/sr8XQ8A8Xy #Retail #Hiring #CareerArc", "geo": [-157.8583333, 21.3069444], "user": "tmj_hon_retail", "time": "2016-11-16T20:20:04Z"}
[2016-11-16T15:20:05Z] {"text": "Want to work in #ChevyChase, Maryland? View our latest opening: https://t.co/mfH57roG2h #Job #Insurance #Jobs #Hiring #CareerArc", "geo": [-77.0772052, 38.9949153], "user": "tmj_md_insur", "time": "2016-11-16T20:20:04Z"}
[2016-11-16T15:20:08Z] {"text": "Can you recommend anyone for this #job in #Greenville, TX? https://t.co/GTDNqrm32K #Engineering #Hiring #CareerArc", "geo": [-96.1108066, 33.1384488], "user": "tmj_tx_eng", "time": "2016-11-16T20:20:03Z"}
[2016-11-16T15:20:08Z] {"text": "Interested in a #job in #Rolla, MO? This could be a great fit: https://t.co/pwmwWZsRK4 #medicaljobs #Healthcare… https://t.co/VdksCZ4g09", "geo": [-91.7715303, 37.948544], "user": "pcrmcjobs", "time": "2016-11-16T20:20:06Z"}
[2016-11-16T15:20:09Z] {"text": "#Trump in 2016 Temp:Crab Orchard, Ky.\":65.1°F Wind:0.0mph Pressure: 29.94hpa Falling Rain Today 0.00in.  Forecast: Showery, becoming less s", "geo": [-84.51194444, 37.47472222], "user": "AppaloosaGuy", "time": "2016-11-16T20:20:01Z"}
[2016-11-16T15:20:13Z] {"text": "This #job might be a great fit for you: Reminiscence/Memory Care Coordinator - https://t.co/boLpYjxz1a #Healthcare #Gilbert, AZ #Hiring", "geo": [-111.789027, 33.3528264], "user": "tmj_AZS_health", "time": "2016-11-16T20:20:11Z"}
[2016-11-16T15:20:14Z] {"text": "Want to work at Raising Cane's? We're #hiring in #Shreveport, LA! Click for details: https://t.co/DOuqBiNsqd #Job #Hospitality #Jobs", "geo": [-93.6268464, 32.5021671], "user": "tmj_LAH_HRTA", "time": "2016-11-16T20:20:12Z"}
[2016-11-16T15:20:14Z] {"text": "Can you recommend anyone for this #job? Kindred Rehab Hospital Northeast Houston - PRN COTA IRF- Humble, TX - https://t.co/zJHSuMOhvo", "geo": [-95.2621553, 29.9988312], "user": "Kindred_Jobs", "time": "2016-11-16T20:20:12Z"}
[2016-11-16T15:20:14Z] {"text": "We're #hiring! Click to apply: Advertising Campaign Manager - https://t.co/6EDxTI5PYx #Job #FacilitiesMgmt #OFallon, MO #Jobs #CareerArc", "geo": [-90.6998477, 38.8106075], "user": "tmj_MO_facmgmt", "time": "2016-11-16T20:20:12Z"}
[2016-11-16T15:20:17Z] {"text": "Can you recommend anyone for this #job? RN Charge- Villa Loretto (0.7) - https://t.co/p16OlfvJVq #hospitaljobs… https://t.co/wW1mHFD4Ii", "geo": [-88.244348, 43.8353759], "user": "agnesiancareers", "time": "2016-11-16T20:20:15Z"}
[2016-11-16T15:20:24Z] {"text": "Can you recommend anyone for this #job in #Austin, TX? https://t.co/eVjXYd6ZHt #Accounting #Hiring #CareerArc", "geo": [-97.7742702, 30.3542409], "user": "tmj_aus_acct", "time": "2016-11-16T20:20:22Z"}
[2016-11-16T15:20:24Z] {"text": "See our latest #Aurora, CO #job and click to apply: Arch Expert - https://t.co/azeRxT9G17 #Cosmetology #Hiring #CareerArc", "geo": [-104.803047, 39.5917389], "user": "tmj_den_cosmo", "time": "2016-11-16T20:20:22Z"}
[2016-11-16T15:20:24Z] {"text": "We're #hiring! Read about our latest #job opening here: Accounts Receivable Clerk - https://t.co/hPCTuKtg6U #Accounting #WinterSprings, FL", "geo": [-81.3081226, 28.6988853], "user": "tmj_orl_acct", "time": "2016-11-16T20:20:22Z"}
[2016-11-16T15:20:24Z] {"text": "If you're looking for work in #Libertyville, IL, check out this #job: https://t.co/7s1LHTv3rw #Hospitality #Hiring #CareerArc", "geo": [-87.9531303, 42.2830786], "user": "tmj_chi_hrta", "time": "2016-11-16T20:20:22Z"}
[2016-11-16T15:20:24Z] {"text": "We're #hiring! Click to apply: X-ray Polarimeter Detector Development - https://t.co/wL37UA32AU #Job #IT #Greenbelt, MD #Jobs #CareerArc", "geo": [-76.85365, 38.9930237], "user": "tmj_dc_it", "time": "2016-11-16T20:20:22Z"}
[2016-11-16T15:20:25Z] {"text": "If you're looking for work in #Toledo, OH, check out this #job: https://t.co/eers8XrnEM #Hiring", "geo": [-83.555212, 41.6639383], "user": "tmj_tol_jobs", "time": "2016-11-16T20:20:22Z"}
[2016-11-16T15:20:25Z] {"text": "Can you recommend anyone for this #job? Engineering and Maintenance Manager/Steel - https://t.co/ep10VG44P0 #Engineering #Indianapolis, IN", "geo": [-86.158068, 39.768403], "user": "cameroncraig", "time": "2016-11-16T20:20:22Z"}
[2016-11-16T15:20:25Z] {"text": "Want to work in #VariousUSCities, US? View our latest opening: https://t.co/v4orvXnKSf #Job #Legal #Jobs #Hiring #CareerArc", "geo": [-74.0059413, 40.7127837], "user": "tmj_lax_legal", "time": "2016-11-16T20:20:22Z"}
[2016-11-16T15:20:27Z] {"text": "Can you recommend anyone for this #job in #Cambridge, MA? https://t.co/DAkQ9a6lzG #STEM #Clerical #Hiring https://t.co/hX00cF5rT7", "geo": [-71.1097335, 42.3736158], "user": "SGTInc", "time": "2016-11-16T20:20:25Z"}
[2016-11-16T15:20:27Z] {"text": "This #job might be a great fit for you: Nursing Assistant -Medical ICU -Full Time Night-SLE -… https://t.co/uO1EEFZUS0", "geo": [-94.3616516, 38.9116463], "user": "SaintLukesJobs", "time": "2016-11-16T20:20:26Z"}
[2016-11-16T15:20:34Z] {"text": "Want to work in #LongBeach, CA? View our latest opening: https://t.co/pms7KFk6Wq #Job #Accountemps #Clerical #Jobs #Hiring", "geo": [-118.1941785, 33.7415317], "user": "AccountempsJobs", "time": "2016-11-16T20:20:33Z"}
[2016-11-16T15:20:36Z] {"text": "See our latest #EdenPrairie, MN #job and click to apply: Insurance Verification and Authorization Specialist - https://t.co/ZYPzrLabEv", "geo": [-93.470786, 44.8546856], "user": "tmj_msp_cstsrv", "time": "2016-11-16T20:20:34Z"}
[2016-11-16T15:20:36Z] {"text": "Can you recommend anyone for this #job in #Edmonton, AB? https://t.co/J2H8TjORZ3 #Retail #Hiring", "geo": [-113.4817243, 53.444308], "user": "jcrew_jobs", "time": "2016-11-16T20:20:34Z"}
[2016-11-16T15:20:36Z] {"text": "Can you recommend anyone for this #job in #NewOrleans, LA? https://t.co/jeVgGhCTUc #Hospitality #Hiring #CareerArc", "geo": [-90.033531, 30.0060044], "user": "tmj_lan_hrta", "time": "2016-11-16T20:20:34Z"}
[2016-11-16T15:20:36Z] {"text": "Want to work in #Charleston, SC? View our latest opening: https://t.co/f2Q1eaBVex #Job https://t.co/vO7xlte7cG #Retail #Jobs #Hiring", "geo": [-79.9310512, 32.7764749], "user": "DGCareers", "time": "2016-11-16T20:20:35Z"}
[2016-11-16T15:20:37Z] {"text": "Can you recommend anyone for this #job? Store Seasonal Employee Cashier - https://t.co/m0LdBhH9kD #SkilledTrade #Melbourne, FL #Hiring", "geo": [-80.673779, 28.0762882], "user": "tmj_FL_skltrd", "time": "2016-11-16T20:20:35Z"}
[2016-11-16T15:20:38Z] {"text": "This #job might be a great fit for you: DevOps Engineer ( NET) - https://t.co/P6LrZ2ijbN #DevOps #Engineering… https://t.co/KoUzq9XHWI", "geo": [-77.1067698, 38.8799697], "user": "HobsonsJobs", "time": "2016-11-16T20:20:36Z"}
[2016-11-16T16:18:46Z] Program starts
[2016-11-16T16:18:50Z] {"text": "See our latest #Freeland, MD #job and click to apply: 1:1 Program Instructor - FT - https://t.co/jMJ7UIREja #Education #Hiring #CareerArc", "geo": [-76.6838605, 39.7048259], "user": "tmj_bal_edu", "time": "2016-11-16T21:18:50Z"}
[2016-11-16T16:18:50Z] {"text": "See our latest #Moonachie, NJ #job and click to apply: Field Service Technician - https://t.co/uFaFhCqUrK #Finance #Hiring #CareerArc", "geo": [-74.0451405, 40.8412111], "user": "tmj_nyc_finance", "time": "2016-11-16T21:18:50Z"}
[2016-11-16T16:18:51Z] {"text": "If you're looking for work in #SanFrancisco, CA, check out this #job: https://t.co/4Zv1rrgjL4 #Hospitality #Hiring #CareerArc", "geo": [-122.4194155, 37.7749295], "user": "tmj_sfo_hrta", "time": "2016-11-16T21:18:50Z"}
[2016-11-16T16:18:51Z] {"text": "Want to work at dressbarn? We're #hiring in #Lansdale, PA! Click for details: https://t.co/QNEFuU87a8 #Job #Retail #Jobs", "geo": [-75.2837862, 40.2414952], "user": "dressbarnjobs", "time": "2016-11-16T21:18:50Z"}
[2016-11-16T16:18:51Z] {"text": "Want to work at Hair Cuttery Salon? We're #hiring in #Jacksonville, FL! Click for details: https://t.co/nHib6gOoOM #Job #Jobs #CareerArc", "geo": [-81.655651, 30.3321838], "user": "tmj_jax_jobs", "time": "2016-11-16T21:18:50Z"}
[2016-11-16T16:18:51Z] {"text": "We're #hiring! Read about our latest #job opening here: Crew - https://t.co/0xyTECT7EM #Hospitality #Chatsworth, CA #CareerArc", "geo": [-118.61481, 34.2506356], "user": "tmj_lax_hrta", "time": "2016-11-16T21:18:50Z"}
[2016-11-16T16:18:51Z] {"text": "Want to work in #LomaLinda, CA? View our latest opening: https://t.co/Al8QUZ2tZV #Job #Healthcare #Jobs #Hiring #CareerArc", "geo": [-117.2641774, 34.0494519], "user": "tmj_cao_health", "time": "2016-11-16T21:18:50Z"}
[2016-11-16T16:18:51Z] {"text": "This #job might be a great fit for you: Catering Driver - https://t.co/XDNLt1LsjP #Hospitality #FallsChurch, VA #Hiring #CareerArc", "geo": [-77.1208034, 38.8479591], "user": "tmj_VAA_HRTA", "time": "2016-11-16T21:18:50Z"}
[2016-11-16T16:18:52Z] {"text": "We're #hiring! Read about our latest #job opening here: Clinical Customer Service Representative - Zayed 10W - https://t.co/mLLwstAodx", "geo": [-76.6121893, 39.2903848], "user": "tmj_bal_health", "time": "2016-11-16T21:18:50Z"}
[2016-11-16T16:18:52Z] {"text": "We're #hiring! Read about our latest #job opening here: Driver Helper - https://t.co/wWNClEMw9p #Transportation #rutland, vermont", "geo": [-72.9726065, 43.6106237], "user": "tmj_VT_transp", "time": "2016-11-16T21:18:50Z"}
[2016-11-16T16:18:52Z] {"text": "Interested in a #job in #Hillsboro, OR? This could be a great fit: https://t.co/bhVDeiJSCd #Finance #Hiring #CareerArc", "geo": [-122.989827, 45.5228939], "user": "tmj_pdx_finance", "time": "2016-11-16T21:18:50Z"}
[2016-11-16T16:18:52Z] {"text": "See our latest #Toronto, ON #job and click to apply: Store Manager - https://t.co/alGhMJySNC #StoreManager #Hiring", "geo": [-79.3831843, 43.653226], "user": "WineRackCareers", "time": "2016-11-16T21:18:50Z"}
[2016-11-16T16:18:52Z] {"text": "Can you recommend anyone for this #job in #Muenster, TX? https://t.co/g3feh5tCwo #Hospitality #Hiring https://t.co/urbFkINm1q", "geo": [-97.3683284, 33.6479187], "user": "SONICjobs", "time": "2016-11-16T21:18:51Z"}
[2016-11-16T16:18:54Z] {"text": "We're #hiring! Click to apply: Part Time Retail Sales Consultant - https://t.co/nMHicsVZIr #Job #Retail #Parker, CO… https://t.co/ldMUORKcuV", "geo": [-104.7613633, 39.5186002], "user": "attCAREERS", "time": "2016-11-16T21:18:53Z"}
[2016-11-16T16:18:55Z] {"text": "We're #hiring! Read about our latest #job opening here: Registered Nurse - https://t.co/XW9f5PCsGD #Nursing… https://t.co/0U1UAathIE", "geo": [-92.6637865, 37.6805967], "user": "MercyJobs", "time": "2016-11-16T21:18:54Z"}
[2016-11-16T16:18:55Z] {"text": "If you're looking for work in #SouthWindsor, CT, check out this #job: https://t.co/zf5u6FaquM #Retail #Hiring https://t.co/P0PqewhfmQ", "geo": [-72.5717551, 41.8489872], "user": "LLBeanJobs", "time": "2016-11-16T21:18:54Z"}
[2016-11-16T16:18:55Z] {"text": "Interested in a #job in #PalmCity, FL? This could be a great fit: https://t.co/whgA99I0M0 #Hiring https://t.co/Jmq3081BDC", "geo": [-80.2661591, 27.1678268], "user": "haircutteryjob", "time": "2016-11-16T21:18:54Z"}
[2016-11-16T16:19:01Z] {"text": "Can you recommend anyone for this #job? Store Counter Sales - https://t.co/iOxrddO32t #Sales #OakPark, MI #Hiring #CareerArc", "geo": [-83.1828856, 42.4616194], "user": "tmj_mit_sales", "time": "2016-11-16T21:19:01Z"}
[2016-11-16T16:19:02Z] {"text": "We're #hiring! Click to apply: Full time client care specialist - https://t.co/S2s7yzMGhi #Job #CustomerService #Vienna, VA #Jobs", "geo": [-77.2658768, 38.9008589], "user": "tmj_vav_cstsrv", "time": "2016-11-16T21:19:01Z"}
[2016-11-16T16:19:02Z] {"text": "We're #hiring! Read about our latest #job opening here: Management - https://t.co/1pmOEGkPJE #parttime #Hospitality #BrokenArrow, OK", "geo": [-95.8159868, 36.0538644], "user": "tmj_tul_hrta", "time": "2016-11-16T21:19:01Z"}
[2016-11-16T16:19:02Z] {"text": "We're #hiring! Click to apply: Crew Member / Customer Service - https://t.co/SnxA4ZM7cF #Job #careerarc #Hospitality #Bountiful, UT #Jobs", "geo": [-111.881128, 40.8844112], "user": "WorkAtEBB", "time": "2016-11-16T21:19:02Z"}
[2016-11-16T16:19:19Z] Program starts
[2016-11-16T16:19:23Z] {"text": "Can you recommend anyone for this #job? Shift Supervisor (US) - https://t.co/ivOhbrp8Ui #Hospitality 7305 E STATE ROUTE 37, #SUNBURY, OH", "geo": [-82.930524, 40.267241], "user": "tmj_chh_hrta", "time": "2016-11-16T21:19:22Z"}
[2016-11-16T21:27:38Z] Program starts
[2016-11-16T21:27:43Z] {"text": "Want to work at Apex Systems? We're #hiring in #Huntsville, AL! Click for details: https://t.co/WkD8f32LcS #Job #Recruiting #Jobs", "geo": [-86.5861037, 34.7303688], "user": "JoinApex", "time": "2016-11-17T02:27:41Z"}
[2016-11-16T21:27:43Z] {"text": "Can you recommend anyone for this #job in #Collinsville, IL? https://t.co/s4iuI4ppEU #Transportation #Veterans #Hiring", "geo": [-89.9845476, 38.6703266], "user": "URcareers", "time": "2016-11-17T02:27:41Z"}
[2016-11-16T21:57:46Z] Program starts
[2016-11-16T21:57:52Z] {"text": "Want to work at Speedway? We're #hiring in #Lafayette, IN! Click for details: https://t.co/f3sJDiPQJr #Job #hirelocal #wearespeedway", "geo": [-86.8752869, 40.4167022], "user": "SpeedwayJobs", "time": "2016-11-17T02:57:51Z"}
[2016-11-16T21:57:56Z] {"text": "Pretty good last few days @ Pebble Beach 17 Mile Drive https://t.co/F0HbIZgmnR", "geo": [-121.94759577, 36.60998192], "user": "GolfDad", "time": "2016-11-17T02:57:55Z"}
[2016-11-16T21:57:57Z] {"text": "Can you recommend anyone for this #job in #WestValleyCity, UT? https://t.co/AMI7o1E6xa #MedField #Nursing #Hiring https://t.co/k1BaQVlzEs", "geo": [-111.99086, 40.6980597], "user": "IASISCareers", "time": "2016-11-17T02:57:56Z"}
[2016-11-16T21:58:00Z] {"text": "Join the Providence Health &amp; Services team! See our latest #job opening here: https://t.co/H89b6Mi5va #Anchorage, AK #Hiring", "geo": [-149.8902415, 61.191144], "user": "Proviscalling", "time": "2016-11-17T02:57:59Z"}
[2016-11-16T21:58:03Z] {"text": "This #job might be a great fit for you: Seasonal Sales Associate (Brick Specialist) - North Park Center -… https://t.co/1ggRvzQtQX", "geo": [-96.7735125, 32.8685017], "user": "LEGO_Careers", "time": "2016-11-17T02:58:02Z"}
[2016-11-16T21:58:21Z] {"text": "Can you recommend anyone for this #job? Radiology Technologist III - Santa Cruz - FT - https://t.co/FoPlMIcgUU #Healthcare #SantaCruz, CA", "geo": [-122.0307963, 36.9741171], "user": "SutterJobs", "time": "2016-11-17T02:58:19Z"}
[2016-11-16T21:58:23Z] {"text": "Can you recommend anyone for this #job in #WarrensvilleHeights, OH? https://t.co/fiInaDfEyx #Clerical #Hiring https://t.co/Fdq5KGBCW4", "geo": [-81.5102655, 41.4323067], "user": "FedMogulCareers", "time": "2016-11-17T02:58:22Z"}
[2016-11-16T21:58:31Z] {"text": "This #job might be a great fit for you: Assistant Store Manager - https://t.co/K90pHRbwaK #Retail #Rockaway, NJ #Hiring", "geo": [-74.5143232, 40.9012101], "user": "WHBMCareers", "time": "2016-11-17T02:58:30Z"}
[2016-11-16T21:58:31Z] {"text": "Can you recommend anyone for this #job in #Honolulu, HI? https://t.co/iiux21y9Wj #Straub #Hawaii #Nursing #Hiring", "geo": [-157.8583333, 21.3069444], "user": "HPHCareers", "time": "2016-11-17T02:58:30Z"}
[2016-11-16T21:58:44Z] {"text": "See our latest #SaintPetersburg, FL #job and click to apply: Travel Registered Nurse (RN) - https://t.co/4MCUdwfUSW… https://t.co/75FGb7yZ88", "geo": [-82.6321376, 27.7346248], "user": "WorkWithSHC", "time": "2016-11-17T02:58:43Z"}
[2016-11-16T21:58:44Z] {"text": "We're #hiring! Read about our latest #job opening here: Part Time Retail Sales Consultant - https://t.co/ddVulWf7vg… https://t.co/71QxoFfnkp", "geo": [-98.4936282, 29.4241219], "user": "attCAREERS", "time": "2016-11-17T02:58:43Z"}
[2016-11-16T21:58:51Z] {"text": "We're #hiring! Click to apply: Program Liaison Manager - https://t.co/kcZf2ECufx #Job #Healthcare #Benton, AR #Jobs", "geo": [-92.586828, 34.5645371], "user": "JoinMENTORNetwk", "time": "2016-11-17T02:58:50Z"}
[2016-11-16T21:59:19Z] {"text": "Here are some pretty #flowers spotted in our office to help brighten up you day! 🌼🌺💐🌸🌹🌷🌻 - niki… https://t.co/XBPN7jQdZ1", "geo": [103.87701745, 1.32507594], "user": "herworldsg", "time": "2016-11-17T02:59:18Z"}
[2016-11-16T21:59:21Z] {"text": "The Delly's looking good so far in the intramural basketball season! @ Hogan Sports Center https://t.co/3mpF6pFZjk", "geo": [-71.97580637, 43.41182104], "user": "cscrecsports", "time": "2016-11-17T02:59:20Z"}
[2016-11-16T21:59:25Z] {"text": "We're #hiring! Click to apply: School Psychologist - https://t.co/UIlltBBJ0C #Job #schoolpsychology #Education… https://t.co/YQt0iEAx0F", "geo": [-88.2120315, 41.632223], "user": "CTS_Jobs", "time": "2016-11-17T02:59:24Z"}
[2016-11-16T21:59:42Z] {"text": "Can you recommend anyone for this #job? Store Manager - https://t.co/H6gkykMEZu #Retail #Charlotte, NC #Hiring", "geo": [-80.8875861, 35.3202223], "user": "CareersAtSoma", "time": "2016-11-17T02:59:41Z"}
[2016-11-16T21:59:43Z] {"text": "When your class finish the lesson on time and do a great job, they gamer to do the mannequin… https://t.co/iz0eXFqNtz", "geo": [-74.164865, 40.7315985], "user": "Jt3dd", "time": "2016-11-17T02:59:42Z"}
[2016-11-16T22:00:02Z] {"text": "#Trump in 2016 Temp:Crab Orchard, Ky.\":45.3°F Wind:0.0mph Pressure: 30.00hpa Rising slowly Rain Today 0.00in.  Forecast: Fine weather", "geo": [-84.51194444, 37.47472222], "user": "AppaloosaGuy", "time": "2016-11-17T03:00:01Z"}
[2016-11-16T22:00:03Z] {"text": "See our latest #SantaClara, CA #job and click to apply: Intern - https://t.co/RUQ2J675qy #IT #Hiring", "geo": [-121.9552356, 37.3541079], "user": "CA_Careers", "time": "2016-11-17T03:00:02Z"}
[2016-11-16T22:00:11Z] {"text": "A part of job...  #love #InstaTags4Likes #tweegram #photooftheday #amazing #followme… https://t.co/TFgzKLyw2F", "geo": [7.14893, 46.80199], "user": "docsineado", "time": "2016-11-17T03:00:10Z"}
[2016-11-16T22:00:25Z] {"text": "Want to work in #LosAngeles, CA? View our latest opening: https://t.co/MdYUhm5O8T #Job #surgery #RN #Nurse #Healthcare #Jobs #Hiring", "geo": [-118.55, 34.17], "user": "Proviscalling", "time": "2016-11-17T03:00:22Z"}
[2016-11-16T22:00:53Z] {"text": "Want to work in #Sevierville, TN? View our latest opening: https://t.co/5DgoMlNchC #Job #Jobs #Hiring", "geo": [-83.561835, 35.8681455], "user": "CarisHealthJobs", "time": "2016-11-17T03:00:52Z"}
[2016-11-16T22:00:53Z] {"text": "Join the HMSHost team! See our latest #job opening here: https://t.co/uVmNKufwHl #restaurantlife #HR #Seattle, WA #Hiring", "geo": [-122.3320708, 47.6062095], "user": "HMSHostCareers", "time": "2016-11-17T03:00:52Z"}
[2016-11-16T22:00:55Z] {"text": "Can you recommend anyone for this #job? shift/team leader-retail sales - https://t.co/hZezuZ06Cq #hirelocal #wearespeedway #Harrisburg, PA", "geo": [-76.8692134, 40.2765548], "user": "SpeedwayJobs", "time": "2016-11-17T03:00:54Z"}
[2016-11-16T22:01:04Z] {"text": "We're #hiring! Read about our latest #job opening here: Clinical Instructor - University of Hawaii at Hilo - https://t.co/kf2lFv8xUN #HPH", "geo": [-157.8583333, 21.3069444], "user": "HPHCareers", "time": "2016-11-17T03:01:03Z"}
[2016-11-16T22:01:30Z] {"text": "This #job might be a great fit for you: Care Navigation Nurse Coordinator (must live in Austin area) - https://t.co/TAf1qnGO9h #Austin, TX", "geo": [-97.7430608, 30.267153], "user": "FMCNAJobs", "time": "2016-11-17T03:01:23Z"}
[2016-11-16T22:01:38Z] {"text": "We're #hiring! Click to apply: Assistant Manager - https://t.co/QdhenuuZIr #Job #Hospitality #Jacksonville, IL #Jobs https://t.co/HXz2h6wLFG", "geo": [-90.2629274, 39.7225817], "user": "SONICjobs", "time": "2016-11-17T03:01:36Z"}
[2016-11-16T22:01:44Z] {"text": "See our latest #Beijing #job and click to apply: Developer - https://t.co/oYIMwcJ0P8 #Hiring #CareerArc", "geo": [116.407395, 39.904211], "user": "tmj_chn_jobs", "time": "2016-11-17T03:01:43Z"}
[2016-11-16T22:01:44Z] {"text": "This #job might be a great fit for you: Research and Development - Postdoc - Vibrational... - https://t.co/FvVcJcEoys #Cincinnati, OH", "geo": [-84.5120196, 39.1031182], "user": "PGJobs", "time": "2016-11-17T03:01:43Z"}
[2016-11-16T22:01:47Z] {"text": "Want to work in #LosAngeles, CA? View our latest opening: https://t.co/KBAGPmW5Nd #Job #ThinkGreen #Sustainability… https://t.co/Qw1k1AtSSZ", "geo": [-118.2593009, 34.0508366], "user": "nature_careers", "time": "2016-11-17T03:01:46Z"}
[2016-11-16T22:01:48Z] {"text": "This #job might be a great fit for you: Maintenance Manager - https://t.co/wzYMnnr2qd #FacilitiesMgmt #NewYork, NY… https://t.co/eW1TdzRpnk", "geo": [-74.0059413, 40.7127837], "user": "workatavalonbay", "time": "2016-11-17T03:01:46Z"}
[2016-11-16T22:01:49Z] {"text": "Yay! I got to see the pretty folks! #magickingdom #disney #waltdisneyworld #ilovetheholidays @… https://t.co/NqWlG2zcob", "geo": [-81.58115179, 28.41720882], "user": "ArTWEETist", "time": "2016-11-17T03:01:48Z"}
[2016-11-16T22:01:54Z] {"text": "Want to work in #Tokyo? View our latest opening: https://t.co/lAYXpWuBu8 #Job #Sales #Jobs #Hiring #CareerArc", "geo": [139.6917064, 35.6894875], "user": "tmj_jpn_jobs", "time": "2016-11-17T03:01:53Z"}
[2016-11-16T22:01:55Z] {"text": "This #job might be a great fit for you: Reimbursement Analyst - https://t.co/rIBaGrNDoX #Finance #Roseville, CA #Hiring", "geo": [-121.2880059, 38.7521235], "user": "SutterJobs", "time": "2016-11-17T03:01:53Z"}
[2016-11-16T22:01:55Z] {"text": "Can you recommend anyone for this #job in #Bowie, MD? https://t.co/6g3SWSuhmw #sixflags #FacilitiesMgmt #Hiring", "geo": [-76.7791365, 39.0067768], "user": "JobsAtSixFlags", "time": "2016-11-17T03:01:53Z"}
[2016-11-16T22:01:55Z] {"text": "We're #hiring! Click to apply: Strategic Buyer - https://t.co/eqxLiyetct #Job #Calumet #wisconsin #BusinessMgmt #Chilton, WI #Jobs", "geo": [-88.1628785, 44.0288803], "user": "workatcentral", "time": "2016-11-17T03:01:53Z"}
[2016-11-16T22:01:56Z] {"text": "Can you recommend anyone for this #job? Coordinator of Cosmetology Program-10 month contract -… https://t.co/9NMBMy0JA6", "geo": [-108.1662605, 36.7698666], "user": "CareersAtSJC", "time": "2016-11-17T03:01:54Z"}
[2016-11-16T22:01:57Z] {"text": "Can you recommend anyone for this #job? Arch Expert - https://t.co/bLvGTibsIM #brows #eyebrows #Cosmetology… https://t.co/NVdh7aWdef", "geo": [-73.0362329, 41.236614], "user": "ultabeautyjobs", "time": "2016-11-17T03:01:56Z"}
[2016-11-16T22:01:57Z] {"text": "Can you recommend anyone for this #job in #Katy, TX? https://t.co/gVcNqOgI0w #casualdining #IHOP #Hospitality… https://t.co/weTm9NwOnz", "geo": [-95.7960354, 29.7843939], "user": "IHOP_ACGTexas", "time": "2016-11-17T03:01:56Z"}
[2016-11-16T22:02:05Z] {"text": "Join the kCura team! See our latest #job opening here: https://t.co/lr7rcFulzo #chicagotech #IT #Chicago, IL #Hiring", "geo": [-87.6297982, 41.8781136], "user": "kCuraCareers", "time": "2016-11-17T03:02:04Z"}
[2016-11-16T22:02:29Z] {"text": "We're #hiring! Click to apply: food service specialist-retail sales - https://t.co/J9asblMGxq #Job #hirelocal #wearespeedway #Elkview, WV", "geo": [-81.4773294, 38.4318841], "user": "SpeedwayJobs", "time": "2016-11-17T03:02:28Z"}
[2016-11-16T22:02:32Z] {"text": "Can you recommend anyone for this #job in #Lexington, KY? https://t.co/W9o5SopDwN #studentjobs #internship #Hiring https://t.co/askZbaa9lL", "geo": [-84.5037164, 38.0405837], "user": "lexmarkcareers", "time": "2016-11-17T03:02:31Z"}
[2016-11-16T22:02:45Z] {"text": "Can you recommend anyone for this #job in #Oakland, CA? https://t.co/9B38A9bN0z #NorCal #BayArea #RaiderNation… https://t.co/3SB6TwSYUz", "geo": [-122.2711137, 37.8043637], "user": "SunstateJobs", "time": "2016-11-17T03:02:38Z"}
[2016-11-16T22:02:57Z] {"text": "Looks like a #Microsoft #Windows wallpaper. #Countryside ##Philippines #Insta #Instalike #Travel… https://t.co/i01Dk82T3F", "geo": [120.51587402, 15.22903241], "user": "Javeid_Khan", "time": "2016-11-17T03:02:44Z"}
[2016-11-16T22:03:02Z] {"text": "Can you recommend anyone for this #job? Nurse Practitioner or Physician Assistant - Family Medicine Union -… https://t.co/bNAiC8eESe", "geo": [-81.9320482, 34.9495672], "user": "SRHSCareers", "time": "2016-11-17T03:02:47Z"}
[2016-11-16T22:03:07Z] {"text": "Want to work in #Birmingham, AL? View our latest opening: https://t.co/LbwjNcoNJN #Job #Hospitality #Jobs #Hiring https://t.co/uA5H5HtZBg", "geo": [-86.823213, 33.470916], "user": "SONICjobs", "time": "2016-11-17T03:02:57Z"}
[2016-11-16T22:03:09Z] {"text": "Want to work at Chico's? We're #hiring in #Dallas, TX! Click for details: https://t.co/x3iQKrzRZo #Job #Retail #Jobs", "geo": [-96.8002704, 32.9418531], "user": "ChicosCareers", "time": "2016-11-17T03:03:04Z"}
[2016-11-16T22:03:09Z] {"text": "We're #hiring! Read about our latest #job opening here: E7 MEDICAL ONCOLOGY &amp; TRANSPLANT RN II 7P-7A - https://t.co/udQ5hhgCrg #Nursing", "geo": [-92.2895948, 34.7464809], "user": "uamsnurses", "time": "2016-11-17T03:03:05Z"}
[2016-11-16T22:03:10Z] {"text": "Interested in a #job in #Marsiling? This could be a great fit: https://t.co/wBiUzR47w6 #IT #Hiring #CareerArc", "geo": [103.7740734, 1.4325441], "user": "tmj_sgp_jobs", "time": "2016-11-17T03:03:05Z"}
[2016-11-16T22:03:11Z] {"text": "If you're looking for work in #Pensacola, FL, check out this #job: https://t.co/arr5oPG19z #Sales #Hiring", "geo": [-87.2169149, 30.421309], "user": "vermeerjobs", "time": "2016-11-17T03:03:05Z"}
[2016-11-16T22:03:11Z] {"text": "If you're looking for work in #Chico, CA, check out this #job: https://t.co/lbw6ABAjxo #diversity #healthieryou #chicojobs #rn #Healthcare", "geo": [-121.8501891, 39.7421399], "user": "EnloeJobs", "time": "2016-11-17T03:03:06Z"}
[2016-11-16T22:03:11Z] {"text": "We're #hiring! Click to apply: Prestige Beauty Advisor - https://t.co/fLJCdYdljN #Job #Retail #BeautyAddicts… https://t.co/qtrHr4OlHK", "geo": [-111.9765061, 33.6034933], "user": "ultabeautyjobs", "time": "2016-11-17T03:03:06Z"}
[2016-11-16T22:03:12Z] {"text": "Can you recommend anyone for this #job in #McHenry, IL? https://t.co/DqduX1sBb1 #RN #NurseLife #Nursing #Hiring https://t.co/rwCB8ciUP8", "geo": [-88.2793253, 42.3182475], "user": "centegracareers", "time": "2016-11-17T03:03:08Z"}
[2016-11-16T22:03:16Z] {"text": "We're #hiring! Read about our latest #job opening here: Manager, Expense Management (9 Months Contract) - https://t.co/937ap7ZqkP #Banking", "geo": [103.8677444, 1.3553794], "user": "StanChartJobs", "time": "2016-11-17T03:03:14Z"}
[2016-11-16T22:03:28Z] {"text": "Can you recommend anyone for this #job in #CherryHill, NJ? https://t.co/Pl6EUPnjwv #Hospitality #Hiring https://t.co/xedKNp265i", "geo": [-75.0246312, 39.926813], "user": "CompassJobBoard", "time": "2016-11-17T03:03:27Z"}
[2016-11-16T22:03:37Z] {"text": "Want to work in #Winchester, KY? View our latest opening: https://t.co/6JDUusIAxu #Job #CustServ #JoinUs #Sales… https://t.co/foLXvIsbfp", "geo": [-84.1796503, 37.990079], "user": "SpeedwayJobs", "time": "2016-11-17T03:03:36Z"}
[2016-11-16T22:03:50Z] {"text": "See our latest #SantaMonica, CA #job and click to apply: Travel RN: Telemetry - https://t.co/aCXbVNvneu #Nursing… https://t.co/SgPTNLIaAd", "geo": [-118.4717975, 34.02875], "user": "WorkWithSHC", "time": "2016-11-17T03:03:48Z"}
[2016-11-16T22:03:55Z] {"text": "PR's don't come often, and usually they aren't pretty, but I will take a 240 strict press… https://t.co/irHgxjXrDe", "geo": [-118.79963, 55.1881], "user": "vo2maxcrossfit", "time": "2016-11-17T03:03:54Z"}
[2016-11-16T22:03:57Z] {"text": "If you're looking for work in #Orlando, FL, check out this #job: https://t.co/Ynz8iBZpri #cook #Hospitality #Hiring", "geo": [-81.3792365, 28.5383355], "user": "HMSHostCareers", "time": "2016-11-17T03:03:56Z"}
[2016-11-16T22:04:02Z] {"text": "Can you recommend anyone for this #job in #Kinston, NC? https://t.co/5t0Dc9ungK #Vets #Nursing #Hiring https://t.co/z2H7p10dN3", "geo": [-77.5816353, 35.2626635], "user": "UNCLenoirJobs", "time": "2016-11-17T03:04:00Z"}
[2016-11-16T22:04:07Z] {"text": "Want to work at Sonus Networks? We're #hiring in #Bangalore! Click for details: https://t.co/HsWDeYVMOF #Job #IT #Jobs", "geo": [77.5945627, 12.9715987], "user": "SonusnetJobs", "time": "2016-11-17T03:04:06Z"}
[2016-11-16T22:04:08Z] {"text": "Want to work in #Spokane, WA? View our latest opening: https://t.co/upbtXIRSKa #Job #Healthcare #Jobs #Hiring", "geo": [-117.3932074, 47.6939041], "user": "Proviscalling", "time": "2016-11-17T03:04:07Z"}
[2016-11-16T22:04:12Z] {"text": "Interested in a #job in #SanFrancisco, CA? This could be a great fit: https://t.co/UkcoMxnxse #CustomerService… https://t.co/L4iOwBCYIO", "geo": [-122.4194155, 37.7749295], "user": "ghirardellijobs", "time": "2016-11-17T03:04:11Z"}
